#
# There is insufficient memory for the Java Runtime Environment to continue.
# Native memory allocation (malloc) failed to allocate 2031536 bytes for Chunk::new
# Possible reasons:
#   The system is out of physical RAM or swap space
#   The process is running with CompressedOops enabled, and the Java Heap may be blocking the growth of the native heap
# Possible solutions:
#   Reduce memory load on the system
#   Increase physical memory or swap space
#   Check if swap backing store is full
#   Decrease Java heap size (-Xmx/-Xms)
#   Decrease number of Java threads
#   Decrease Java thread stack sizes (-Xss)
#   Set larger code cache with -XX:ReservedCodeCacheSize=
#   JVM is running with Unscaled Compressed Oops mode in which the Java heap is
#     placed in the first 4GB address space. The Java Heap base address is the
#     maximum limit for the native heap growth. Please use -XX:HeapBaseMinAddress
#     to set the Java Heap base and to place the Java Heap above 4GB virtual address.
# This output file may be truncated or incomplete.
#
#  Out of Memory Error (./src/hotspot/share/memory/arena.cpp:197), pid=11180, tid=10696
#
# JRE version: OpenJDK Runtime Environment (11.0.12+7) (build 11.0.12+7-b1504.28-7817840)
# Java VM: OpenJDK 64-Bit Server VM (11.0.12+7-b1504.28-7817840, mixed mode, tiered, compressed oops, g1 gc, windows-amd64)
# No core dump will be written. Minidumps are not enabled by default on client versions of Windows
#

---------------  S U M M A R Y ------------

Command Line: --add-opens=java.base/java.util=ALL-UNNAMED --add-opens=java.base/java.lang=ALL-UNNAMED --add-opens=java.base/java.lang.invoke=ALL-UNNAMED --add-opens=java.base/java.util=ALL-UNNAMED --add-opens=java.prefs/java.util.prefs=ALL-UNNAMED --add-opens=java.prefs/java.util.prefs=ALL-UNNAMED --add-opens=java.base/java.nio.charset=ALL-UNNAMED --add-opens=java.base/java.net=ALL-UNNAMED --add-opens=java.base/java.util.concurrent.atomic=ALL-UNNAMED -Xmx2048m -Dfile.encoding=UTF-8 -Duser.country=US -Duser.language=en -Duser.variant org.gradle.launcher.daemon.bootstrap.GradleDaemon 7.3.3

Host: Intel(R) Core(TM) i7-6700HQ CPU @ 2.60GHz, 8 cores, 15G,  Windows 10 , 64 bit Build 19041 (10.0.19041.2251)
Time: Thu Nov 24 10:22:02 2022 SE Asia Standard Time elapsed time: 16.518560 seconds (0d 0h 0m 16s)

---------------  T H R E A D  ---------------

Current thread (0x000001bf7894b000):  JavaThread "C2 CompilerThread0" daemon [_thread_in_native, id=10696, stack(0x0000005635f00000,0x0000005636000000)]


Current CompileTask:
C2:  16518 7509       4       java.lang.Class::annotationData (44 bytes)

Stack: [0x0000005635f00000,0x0000005636000000]
Native frames: (J=compiled Java code, j=interpreted, Vv=VM code, C=native code)
V  [jvm.dll+0x5fbcea]
V  [jvm.dll+0x731905]
V  [jvm.dll+0x732f1d]
V  [jvm.dll+0x7335d3]
V  [jvm.dll+0x247bf8]
V  [jvm.dll+0xc018c]
V  [jvm.dll+0xc06cc]
V  [jvm.dll+0x35b2db]
V  [jvm.dll+0x328803]
V  [jvm.dll+0x327cfa]
V  [jvm.dll+0x200602]
V  [jvm.dll+0x1ff794]
V  [jvm.dll+0x18868c]
V  [jvm.dll+0x20e0d7]
V  [jvm.dll+0x20c901]
V  [jvm.dll+0x6f9b7f]
V  [jvm.dll+0x6f26a5]
V  [jvm.dll+0x5fabf6]
C  [ucrtbase.dll+0x21bb2]
C  [KERNEL32.DLL+0x174b4]
C  [ntdll.dll+0x526a1]


---------------  P R O C E S S  ---------------

Threads class SMR info:
_java_thread_list=0x000001bf7ac356c0, length=123, elements={
0x000001bf5dbbe800, 0x000001bf788e3800, 0x000001bf788e6000, 0x000001bf78942800,
0x000001bf78944800, 0x000001bf78946800, 0x000001bf7894b000, 0x000001bf78957800,
0x000001bf7895b000, 0x000001bf78ab1000, 0x000001bf7a98b000, 0x000001bf78dfa800,
0x000001bf7a1eb000, 0x000001bf7c1f8800, 0x000001bf7c4ea800, 0x000001bf791e1800,
0x000001bf7b47b000, 0x000001bf7c2a2800, 0x000001bf78eb6000, 0x000001bf7b644800,
0x000001bf7b643800, 0x000001bf7b645000, 0x000001bf7b63f800, 0x000001bf7b3b2000,
0x000001bf7b641000, 0x000001bf7b646000, 0x000001bf7b642000, 0x000001bf7b640800,
0x000001bf7b642800, 0x000001bf7f139800, 0x000001bf7f140000, 0x000001bf7f140800,
0x000001bf7f13b000, 0x000001bf7f13d800, 0x000001bf7f13c000, 0x000001bf7f142800,
0x000001bf7f13f000, 0x000001bf7f13c800, 0x000001bf7f143000, 0x000001bf7f144000,
0x000001bf7f13e800, 0x000001bf7f145800, 0x000001bf7f145000, 0x000001bf7f148000,
0x000001bf7f147000, 0x000001bf7f146800, 0x000001bf7bfb8000, 0x000001bf7bfb5000,
0x000001bf7bfb9000, 0x000001bf7bfb4000, 0x000001bf7bfb5800, 0x000001bf7bfb7800,
0x000001bf7bfb6800, 0x000001bf7bfb3000, 0x000001bf7bfb9800, 0x000001bf7bfbd000,
0x000001bf7bfbc000, 0x000001bf7bfbe000, 0x000001bf7bfba800, 0x000001bf7bfc1000,
0x000001bf7bfc0000, 0x000001bf7bfbb800, 0x000001bf7bfc2000, 0x000001bf7bfbe800,
0x000001bf7bfbf800, 0x000001bf7a870800, 0x000001bf7a86e000, 0x000001bf7a871800,
0x000001bf7a874000, 0x000001bf7a874800, 0x000001bf7a870000, 0x000001bf7a872000,
0x000001bf7a873000, 0x000001bf7a86f000, 0x000001bf7a875800, 0x000001bf7a87a800,
0x000001bf7a878800, 0x000001bf7a877000, 0x000001bf7a878000, 0x000001bf7a879800,
0x000001bf7a87b000, 0x000001bf7a87c000, 0x000001bf7a876800, 0x000001bf7a87d000,
0x000001bf79273800, 0x000001bf79272800, 0x000001bf79274800, 0x000001bf79275000,
0x000001bf7926f800, 0x000001bf79276000, 0x000001bf79271000, 0x000001bf79270000,
0x000001bf79272000, 0x000001bf7927b000, 0x000001bf7927a000, 0x000001bf7927b800,
0x000001bf7927c800, 0x000001bf79278800, 0x000001bf79276800, 0x000001bf79279000,
0x000001bf7927d000, 0x000001bf79277800, 0x000001bf7927e000, 0x000001bf79aed000,
0x000001bf79aef000, 0x000001bf79aeb800, 0x000001bf79aec800, 0x000001bf79aee000,
0x000001bf79aeb000, 0x000001bf79af3000, 0x000001bf79aef800, 0x000001bf79af2000,
0x000001bf79af4000, 0x000001bf79af4800, 0x000001bf79af5800, 0x000001bf79af6000,
0x000001bf79af0800, 0x000001bf79af7000, 0x000001bf79af1800, 0x000001bf79af8000,
0x000001bf79af8800, 0x000001bf79af9800, 0x000001bf79c19000
}

Java Threads: ( => current thread )
  0x000001bf5dbbe800 JavaThread "main" [_thread_blocked, id=15564, stack(0x0000005635300000,0x0000005635400000)]
  0x000001bf788e3800 JavaThread "Reference Handler" daemon [_thread_blocked, id=12952, stack(0x0000005635a00000,0x0000005635b00000)]
  0x000001bf788e6000 JavaThread "Finalizer" daemon [_thread_blocked, id=19084, stack(0x0000005635b00000,0x0000005635c00000)]
  0x000001bf78942800 JavaThread "Signal Dispatcher" daemon [_thread_blocked, id=7064, stack(0x0000005635c00000,0x0000005635d00000)]
  0x000001bf78944800 JavaThread "Attach Listener" daemon [_thread_blocked, id=16996, stack(0x0000005635d00000,0x0000005635e00000)]
  0x000001bf78946800 JavaThread "Service Thread" daemon [_thread_blocked, id=19144, stack(0x0000005635e00000,0x0000005635f00000)]
=>0x000001bf7894b000 JavaThread "C2 CompilerThread0" daemon [_thread_in_native, id=10696, stack(0x0000005635f00000,0x0000005636000000)]
  0x000001bf78957800 JavaThread "C1 CompilerThread0" daemon [_thread_blocked, id=16080, stack(0x0000005636000000,0x0000005636100000)]
  0x000001bf7895b000 JavaThread "Sweeper thread" daemon [_thread_blocked, id=19116, stack(0x0000005636100000,0x0000005636200000)]
  0x000001bf78ab1000 JavaThread "Common-Cleaner" daemon [_thread_blocked, id=5800, stack(0x0000005636200000,0x0000005636300000)]
  0x000001bf7a98b000 JavaThread "Daemon health stats" [_thread_blocked, id=5820, stack(0x0000005636b00000,0x0000005636c00000)]
  0x000001bf78dfa800 JavaThread "Incoming local TCP Connector on port 57043" [_thread_in_native, id=9272, stack(0x0000005636400000,0x0000005636500000)]
  0x000001bf7a1eb000 JavaThread "Daemon periodic checks" [_thread_blocked, id=6132, stack(0x0000005636a00000,0x0000005636b00000)]
  0x000001bf7c1f8800 JavaThread "Daemon" [_thread_blocked, id=8064, stack(0x0000005636c00000,0x0000005636d00000)]
  0x000001bf7c4ea800 JavaThread "Handler for socket connection from /127.0.0.1:57043 to /127.0.0.1:57044" [_thread_in_native, id=4432, stack(0x0000005636d00000,0x0000005636e00000)]
  0x000001bf791e1800 JavaThread "Cancel handler" [_thread_blocked, id=11336, stack(0x0000005636e00000,0x0000005636f00000)]
  0x000001bf7b47b000 JavaThread "Daemon worker" [_thread_in_vm, id=13360, stack(0x0000005636f00000,0x0000005637000000)]
  0x000001bf7c2a2800 JavaThread "Asynchronous log dispatcher for DefaultDaemonConnection: socket connection from /127.0.0.1:57043 to /127.0.0.1:57044" [_thread_blocked, id=5028, stack(0x0000005637000000,0x0000005637100000)]
  0x000001bf78eb6000 JavaThread "Stdin handler" [_thread_blocked, id=18136, stack(0x0000005637100000,0x0000005637200000)]
  0x000001bf7b644800 JavaThread "Daemon client event forwarder" [_thread_blocked, id=18848, stack(0x0000005637200000,0x0000005637300000)]
  0x000001bf7b643800 JavaThread "Cache worker for journal cache (C:\Users\ADMIN\.gradle\caches\journal-1)" [_thread_blocked, id=14952, stack(0x0000005637300000,0x0000005637400000)]
  0x000001bf7b645000 JavaThread "File lock request listener" [_thread_in_native, id=10684, stack(0x0000005637400000,0x0000005637500000)]
  0x000001bf7b63f800 JavaThread "Cache worker for file hash cache (C:\Users\ADMIN\.gradle\caches\7.3.3\fileHashes)" [_thread_blocked, id=15928, stack(0x0000005637500000,0x0000005637600000)]
  0x000001bf7b3b2000 JavaThread "C2 CompilerThread1" daemon [_thread_blocked, id=8608, stack(0x0000005637900000,0x0000005637a00000)]
  0x000001bf7b641000 JavaThread "Cache worker for file hash cache (C:\Users\ADMIN\Documents\DU_AN_1\GoiDiClient\.gradle\7.3.3\fileHashes)" [_thread_blocked, id=6052, stack(0x0000005637a00000,0x0000005637b00000)]
  0x000001bf7b646000 JavaThread "File watcher server" daemon [_thread_in_native, id=18852, stack(0x0000005637c00000,0x0000005637d00000)]
  0x000001bf7b642000 JavaThread "File watcher consumer" daemon [_thread_blocked, id=18624, stack(0x0000005637d00000,0x0000005637e00000)]
  0x000001bf7b640800 JavaThread "Cache worker for checksums cache (C:\Users\ADMIN\Documents\DU_AN_1\GoiDiClient\.gradle\7.3.3\checksums)" [_thread_blocked, id=7228, stack(0x0000005637e00000,0x0000005637f00000)]
  0x000001bf7b642800 JavaThread "Cache worker for cache directory md-supplier (C:\Users\ADMIN\.gradle\caches\7.3.3\md-supplier)" [_thread_blocked, id=4448, stack(0x0000005637f00000,0x0000005638000000)]
  0x000001bf7f139800 JavaThread "Cache worker for cache directory md-rule (C:\Users\ADMIN\.gradle\caches\7.3.3\md-rule)" [_thread_blocked, id=8372, stack(0x0000005638000000,0x0000005638100000)]
  0x000001bf7f140000 JavaThread "Cache worker for execution history cache (C:\Users\ADMIN\.gradle\caches\7.3.3\executionHistory)" [_thread_blocked, id=14560, stack(0x0000005638100000,0x0000005638200000)]
  0x000001bf7f140800 JavaThread "jar transforms" [_thread_blocked, id=8508, stack(0x0000005638200000,0x0000005638300000)]
  0x000001bf7f13b000 JavaThread "Cache worker for file content cache (C:\Users\ADMIN\.gradle\caches\7.3.3\fileContent)" [_thread_blocked, id=17156, stack(0x0000005638300000,0x0000005638400000)]
  0x000001bf7f13d800 JavaThread "jar transforms Thread 2" [_thread_blocked, id=6628, stack(0x0000005638400000,0x0000005638500000)]
  0x000001bf7f13c000 JavaThread "Cache worker for dependencies-accessors (C:\Users\ADMIN\Documents\DU_AN_1\GoiDiClient\.gradle\7.3.3\dependencies-accessors)" [_thread_blocked, id=4540, stack(0x0000005638500000,0x0000005638600000)]
  0x000001bf7f142800 JavaThread "jar transforms Thread 3" [_thread_blocked, id=13740, stack(0x0000005638600000,0x0000005638700000)]
  0x000001bf7f13f000 JavaThread "Cache worker for Build Output Cleanup Cache (C:\Users\ADMIN\Documents\DU_AN_1\GoiDiClient\.gradle\buildOutputCleanup)" [_thread_blocked, id=18440, stack(0x0000005637b00000,0x0000005637c00000)]
  0x000001bf7f13c800 JavaThread "Unconstrained build operations" [_thread_blocked, id=11660, stack(0x0000005638800000,0x0000005638900000)]
  0x000001bf7f143000 JavaThread "Unconstrained build operations Thread 2" [_thread_blocked, id=16992, stack(0x0000005638900000,0x0000005638a00000)]
  0x000001bf7f144000 JavaThread "Unconstrained build operations Thread 3" [_thread_blocked, id=15816, stack(0x0000005638a00000,0x0000005638b00000)]
  0x000001bf7f13e800 JavaThread "Unconstrained build operations Thread 4" [_thread_blocked, id=3348, stack(0x0000005638b00000,0x0000005638c00000)]
  0x000001bf7f145800 JavaThread "Unconstrained build operations Thread 5" [_thread_blocked, id=17828, stack(0x0000005638c00000,0x0000005638d00000)]
  0x000001bf7f145000 JavaThread "Unconstrained build operations Thread 6" [_thread_blocked, id=14580, stack(0x0000005638d00000,0x0000005638e00000)]
  0x000001bf7f148000 JavaThread "Unconstrained build operations Thread 7" [_thread_blocked, id=17512, stack(0x0000005638e00000,0x0000005638f00000)]
  0x000001bf7f147000 JavaThread "Unconstrained build operations Thread 8" [_thread_blocked, id=1616, stack(0x0000005638f00000,0x0000005639000000)]
  0x000001bf7f146800 JavaThread "Unconstrained build operations Thread 9" [_thread_blocked, id=14636, stack(0x0000005639000000,0x0000005639100000)]
  0x000001bf7bfb8000 JavaThread "Unconstrained build operations Thread 10" [_thread_blocked, id=17684, stack(0x0000005639100000,0x0000005639200000)]
  0x000001bf7bfb5000 JavaThread "Unconstrained build operations Thread 11" [_thread_blocked, id=16540, stack(0x0000005639200000,0x0000005639300000)]
  0x000001bf7bfb9000 JavaThread "Unconstrained build operations Thread 12" [_thread_blocked, id=14392, stack(0x0000005639300000,0x0000005639400000)]
  0x000001bf7bfb4000 JavaThread "Unconstrained build operations Thread 13" [_thread_blocked, id=5252, stack(0x0000005639400000,0x0000005639500000)]
  0x000001bf7bfb5800 JavaThread "Unconstrained build operations Thread 14" [_thread_blocked, id=12040, stack(0x0000005639500000,0x0000005639600000)]
  0x000001bf7bfb7800 JavaThread "Unconstrained build operations Thread 15" [_thread_blocked, id=18560, stack(0x0000005639600000,0x0000005639700000)]
  0x000001bf7bfb6800 JavaThread "Unconstrained build operations Thread 16" [_thread_blocked, id=13892, stack(0x0000005639700000,0x0000005639800000)]
  0x000001bf7bfb3000 JavaThread "Unconstrained build operations Thread 17" [_thread_blocked, id=16524, stack(0x0000005639800000,0x0000005639900000)]
  0x000001bf7bfb9800 JavaThread "Unconstrained build operations Thread 18" [_thread_blocked, id=17108, stack(0x0000005639900000,0x0000005639a00000)]
  0x000001bf7bfbd000 JavaThread "Unconstrained build operations Thread 19" [_thread_blocked, id=3852, stack(0x0000005639a00000,0x0000005639b00000)]
  0x000001bf7bfbc000 JavaThread "Unconstrained build operations Thread 20" [_thread_blocked, id=12156, stack(0x0000005639b00000,0x0000005639c00000)]
  0x000001bf7bfbe000 JavaThread "Unconstrained build operations Thread 21" [_thread_blocked, id=11964, stack(0x0000005639c00000,0x0000005639d00000)]
  0x000001bf7bfba800 JavaThread "Unconstrained build operations Thread 22" [_thread_blocked, id=2436, stack(0x0000005639d00000,0x0000005639e00000)]
  0x000001bf7bfc1000 JavaThread "Unconstrained build operations Thread 23" [_thread_blocked, id=13408, stack(0x0000005639e00000,0x0000005639f00000)]
  0x000001bf7bfc0000 JavaThread "Unconstrained build operations Thread 24" [_thread_blocked, id=5892, stack(0x0000005639f00000,0x000000563a000000)]
  0x000001bf7bfbb800 JavaThread "Unconstrained build operations Thread 25" [_thread_blocked, id=18108, stack(0x000000563a000000,0x000000563a100000)]
  0x000001bf7bfc2000 JavaThread "Unconstrained build operations Thread 26" [_thread_blocked, id=11536, stack(0x000000563a100000,0x000000563a200000)]
  0x000001bf7bfbe800 JavaThread "Unconstrained build operations Thread 27" [_thread_blocked, id=15572, stack(0x000000563a200000,0x000000563a300000)]
  0x000001bf7bfbf800 JavaThread "Unconstrained build operations Thread 28" [_thread_blocked, id=12400, stack(0x000000563a300000,0x000000563a400000)]
  0x000001bf7a870800 JavaThread "Unconstrained build operations Thread 29" [_thread_blocked, id=8380, stack(0x000000563a400000,0x000000563a500000)]
  0x000001bf7a86e000 JavaThread "Unconstrained build operations Thread 30" [_thread_blocked, id=11984, stack(0x000000563a500000,0x000000563a600000)]
  0x000001bf7a871800 JavaThread "Unconstrained build operations Thread 31" [_thread_blocked, id=18564, stack(0x000000563a600000,0x000000563a700000)]
  0x000001bf7a874000 JavaThread "Unconstrained build operations Thread 32" [_thread_blocked, id=18940, stack(0x000000563a700000,0x000000563a800000)]
  0x000001bf7a874800 JavaThread "Unconstrained build operations Thread 33" [_thread_blocked, id=8700, stack(0x000000563a800000,0x000000563a900000)]
  0x000001bf7a870000 JavaThread "Unconstrained build operations Thread 34" [_thread_blocked, id=17432, stack(0x000000563a900000,0x000000563aa00000)]
  0x000001bf7a872000 JavaThread "Unconstrained build operations Thread 35" [_thread_blocked, id=16016, stack(0x000000563aa00000,0x000000563ab00000)]
  0x000001bf7a873000 JavaThread "Unconstrained build operations Thread 36" [_thread_blocked, id=7544, stack(0x000000563ab00000,0x000000563ac00000)]
  0x000001bf7a86f000 JavaThread "Unconstrained build operations Thread 37" [_thread_blocked, id=10440, stack(0x000000563ac00000,0x000000563ad00000)]
  0x000001bf7a875800 JavaThread "Unconstrained build operations Thread 38" [_thread_blocked, id=19364, stack(0x000000563ad00000,0x000000563ae00000)]
  0x000001bf7a87a800 JavaThread "Unconstrained build operations Thread 39" [_thread_blocked, id=4240, stack(0x000000563ae00000,0x000000563af00000)]
  0x000001bf7a878800 JavaThread "Unconstrained build operations Thread 40" [_thread_blocked, id=16860, stack(0x000000563af00000,0x000000563b000000)]
  0x000001bf7a877000 JavaThread "Unconstrained build operations Thread 41" [_thread_blocked, id=13800, stack(0x000000563b000000,0x000000563b100000)]
  0x000001bf7a878000 JavaThread "Unconstrained build operations Thread 42" [_thread_blocked, id=7524, stack(0x000000563b100000,0x000000563b200000)]
  0x000001bf7a879800 JavaThread "Unconstrained build operations Thread 43" [_thread_blocked, id=1260, stack(0x000000563b200000,0x000000563b300000)]
  0x000001bf7a87b000 JavaThread "Unconstrained build operations Thread 44" [_thread_blocked, id=9152, stack(0x000000563b300000,0x000000563b400000)]
  0x000001bf7a87c000 JavaThread "Unconstrained build operations Thread 45" [_thread_blocked, id=17744, stack(0x000000563b400000,0x000000563b500000)]
  0x000001bf7a876800 JavaThread "Unconstrained build operations Thread 46" [_thread_blocked, id=9064, stack(0x000000563b500000,0x000000563b600000)]
  0x000001bf7a87d000 JavaThread "Unconstrained build operations Thread 47" [_thread_blocked, id=2440, stack(0x000000563b600000,0x000000563b700000)]
  0x000001bf79273800 JavaThread "Unconstrained build operations Thread 48" [_thread_blocked, id=8368, stack(0x000000563b700000,0x000000563b800000)]
  0x000001bf79272800 JavaThread "Unconstrained build operations Thread 49" [_thread_blocked, id=10068, stack(0x000000563b800000,0x000000563b900000)]
  0x000001bf79274800 JavaThread "Unconstrained build operations Thread 50" [_thread_blocked, id=16580, stack(0x000000563b900000,0x000000563ba00000)]
  0x000001bf79275000 JavaThread "Unconstrained build operations Thread 51" [_thread_blocked, id=8800, stack(0x000000563ba00000,0x000000563bb00000)]
  0x000001bf7926f800 JavaThread "Unconstrained build operations Thread 52" [_thread_blocked, id=13928, stack(0x000000563bb00000,0x000000563bc00000)]
  0x000001bf79276000 JavaThread "Unconstrained build operations Thread 53" [_thread_blocked, id=4164, stack(0x000000563bc00000,0x000000563bd00000)]
  0x000001bf79271000 JavaThread "Unconstrained build operations Thread 54" [_thread_blocked, id=16304, stack(0x000000563bd00000,0x000000563be00000)]
  0x000001bf79270000 JavaThread "Unconstrained build operations Thread 55" [_thread_blocked, id=14744, stack(0x000000563be00000,0x000000563bf00000)]
  0x000001bf79272000 JavaThread "Unconstrained build operations Thread 56" [_thread_blocked, id=18048, stack(0x000000563bf00000,0x000000563c000000)]
  0x000001bf7927b000 JavaThread "Unconstrained build operations Thread 57" [_thread_blocked, id=10228, stack(0x000000563c000000,0x000000563c100000)]
  0x000001bf7927a000 JavaThread "Unconstrained build operations Thread 58" [_thread_blocked, id=16404, stack(0x000000563c100000,0x000000563c200000)]
  0x000001bf7927b800 JavaThread "Unconstrained build operations Thread 59" [_thread_blocked, id=8720, stack(0x000000563c200000,0x000000563c300000)]
  0x000001bf7927c800 JavaThread "Unconstrained build operations Thread 60" [_thread_blocked, id=16292, stack(0x000000563c300000,0x000000563c400000)]
  0x000001bf79278800 JavaThread "Unconstrained build operations Thread 61" [_thread_blocked, id=8500, stack(0x000000563c400000,0x000000563c500000)]
  0x000001bf79276800 JavaThread "Unconstrained build operations Thread 62" [_thread_blocked, id=3400, stack(0x000000563c500000,0x000000563c600000)]
  0x000001bf79279000 JavaThread "Unconstrained build operations Thread 63" [_thread_blocked, id=14024, stack(0x000000563c600000,0x000000563c700000)]
  0x000001bf7927d000 JavaThread "Unconstrained build operations Thread 64" [_thread_blocked, id=680, stack(0x000000563c700000,0x000000563c800000)]
  0x000001bf79277800 JavaThread "Unconstrained build operations Thread 65" [_thread_blocked, id=13952, stack(0x000000563c800000,0x000000563c900000)]
  0x000001bf7927e000 JavaThread "Unconstrained build operations Thread 66" [_thread_blocked, id=9228, stack(0x000000563c900000,0x000000563ca00000)]
  0x000001bf79aed000 JavaThread "Unconstrained build operations Thread 67" [_thread_blocked, id=11124, stack(0x000000563ca00000,0x000000563cb00000)]
  0x000001bf79aef000 JavaThread "Unconstrained build operations Thread 68" [_thread_blocked, id=13264, stack(0x000000563cb00000,0x000000563cc00000)]
  0x000001bf79aeb800 JavaThread "Unconstrained build operations Thread 69" [_thread_blocked, id=4360, stack(0x000000563cc00000,0x000000563cd00000)]
  0x000001bf79aec800 JavaThread "Unconstrained build operations Thread 70" [_thread_blocked, id=12720, stack(0x000000563cd00000,0x000000563ce00000)]
  0x000001bf79aee000 JavaThread "Unconstrained build operations Thread 71" [_thread_blocked, id=2412, stack(0x000000563ce00000,0x000000563cf00000)]
  0x000001bf79aeb000 JavaThread "Unconstrained build operations Thread 72" [_thread_blocked, id=17444, stack(0x000000563cf00000,0x000000563d000000)]
  0x000001bf79af3000 JavaThread "Unconstrained build operations Thread 73" [_thread_blocked, id=6032, stack(0x000000563d000000,0x000000563d100000)]
  0x000001bf79aef800 JavaThread "Unconstrained build operations Thread 74" [_thread_blocked, id=10520, stack(0x000000563d100000,0x000000563d200000)]
  0x000001bf79af2000 JavaThread "Unconstrained build operations Thread 75" [_thread_blocked, id=1264, stack(0x000000563d200000,0x000000563d300000)]
  0x000001bf79af4000 JavaThread "Unconstrained build operations Thread 76" [_thread_blocked, id=16456, stack(0x000000563d300000,0x000000563d400000)]
  0x000001bf79af4800 JavaThread "Unconstrained build operations Thread 77" [_thread_blocked, id=18300, stack(0x000000563d400000,0x000000563d500000)]
  0x000001bf79af5800 JavaThread "Unconstrained build operations Thread 78" [_thread_blocked, id=10768, stack(0x000000563d500000,0x000000563d600000)]
  0x000001bf79af6000 JavaThread "Unconstrained build operations Thread 79" [_thread_blocked, id=16328, stack(0x000000563d600000,0x000000563d700000)]
  0x000001bf79af0800 JavaThread "Unconstrained build operations Thread 80" [_thread_blocked, id=10024, stack(0x000000563d700000,0x000000563d800000)]
  0x000001bf79af7000 JavaThread "jar transforms Thread 4" [_thread_blocked, id=18976, stack(0x000000563d800000,0x000000563d900000)]
  0x000001bf79af1800 JavaThread "jar transforms Thread 5" [_thread_blocked, id=11772, stack(0x000000563d900000,0x000000563da00000)]
  0x000001bf79af8000 JavaThread "jar transforms Thread 6" [_thread_blocked, id=11960, stack(0x000000563da00000,0x000000563db00000)]
  0x000001bf79af8800 JavaThread "jar transforms Thread 7" [_thread_blocked, id=19088, stack(0x000000563db00000,0x000000563dc00000)]
  0x000001bf79af9800 JavaThread "jar transforms Thread 8" [_thread_blocked, id=9688, stack(0x000000563dc00000,0x000000563dd00000)]
  0x000001bf79c19000 JavaThread "Memory manager" [_thread_blocked, id=9196, stack(0x000000563dd00000,0x000000563de00000)]

Other Threads:
  0x000001bf780ad000 VMThread "VM Thread" [stack: 0x0000005635900000,0x0000005635a00000] [id=14476]
  0x000001bf78b63800 WatcherThread [stack: 0x0000005636300000,0x0000005636400000] [id=12524]
  0x000001bf5dbd5000 GCTaskThread "GC Thread#0" [stack: 0x0000005635400000,0x0000005635500000] [id=8048]
  0x000001bf79236800 GCTaskThread "GC Thread#1" [stack: 0x0000005636500000,0x0000005636600000] [id=8596]
  0x000001bf7906e800 GCTaskThread "GC Thread#2" [stack: 0x0000005636600000,0x0000005636700000] [id=8876]
  0x000001bf79957000 GCTaskThread "GC Thread#3" [stack: 0x0000005636700000,0x0000005636800000] [id=18616]
  0x000001bf7937f800 GCTaskThread "GC Thread#4" [stack: 0x0000005636800000,0x0000005636900000] [id=5000]
  0x000001bf79854800 GCTaskThread "GC Thread#5" [stack: 0x0000005636900000,0x0000005636a00000] [id=5860]
  0x000001bf7aff2000 GCTaskThread "GC Thread#6" [stack: 0x0000005637600000,0x0000005637700000] [id=15528]
  0x000001bf7b541800 GCTaskThread "GC Thread#7" [stack: 0x0000005637700000,0x0000005637800000] [id=5244]
  0x000001bf5dc0a000 ConcurrentGCThread "G1 Main Marker" [stack: 0x0000005635500000,0x0000005635600000] [id=11364]
  0x000001bf5dc0b000 ConcurrentGCThread "G1 Conc#0" [stack: 0x0000005635600000,0x0000005635700000] [id=13932]
  0x000001bf7969d800 ConcurrentGCThread "G1 Conc#1" [stack: 0x0000005637800000,0x0000005637900000] [id=8092]
  0x000001bf5dc9e000 ConcurrentGCThread "G1 Refine#0" [stack: 0x0000005635700000,0x0000005635800000] [id=14840]
  0x000001bf77f30800 ConcurrentGCThread "G1 Young RemSet Sampling" [stack: 0x0000005635800000,0x0000005635900000] [id=14688]

Threads with active compile tasks:
C2 CompilerThread0  16586 7509       4       java.lang.Class::annotationData (44 bytes)

VM state:not at safepoint (normal execution)

VM Mutex/Monitor currently owned by a thread: None

Heap address: 0x0000000080000000, size: 2048 MB, Compressed Oops mode: 32-bit
Narrow klass base: 0x0000000000000000, Narrow klass shift: 3
Compressed class space size: 1073741824 Address: 0x0000000100000000

Heap:
 garbage-first heap   total 260096K, used 134903K [0x0000000080000000, 0x0000000100000000)
  region size 1024K, 81 young (82944K), 7 survivors (7168K)
 Metaspace       used 77513K, capacity 79315K, committed 79532K, reserved 1118208K
  class space    used 10212K, capacity 10901K, committed 11008K, reserved 1048576K
Heap Regions: E=young(eden), S=young(survivor), O=old, HS=humongous(starts), HC=humongous(continues), CS=collection set, F=free, A=archive, TAMS=top-at-mark-start (previous, next)
|   0|0x0000000080000000, 0x0000000080100000, 0x0000000080100000|100%| O|  |TAMS 0x0000000080100000, 0x0000000080000000| Untracked 
|   1|0x0000000080100000, 0x0000000080200000, 0x0000000080200000|100%| O|  |TAMS 0x0000000080200000, 0x0000000080100000| Untracked 
|   2|0x0000000080200000, 0x0000000080300000, 0x0000000080300000|100%| O|  |TAMS 0x0000000080300000, 0x0000000080200000| Untracked 
|   3|0x0000000080300000, 0x0000000080400000, 0x0000000080400000|100%|HS|  |TAMS 0x0000000080400000, 0x0000000080300000| Complete 
|   4|0x0000000080400000, 0x0000000080500000, 0x0000000080500000|100%|HC|  |TAMS 0x0000000080500000, 0x0000000080400000| Complete 
|   5|0x0000000080500000, 0x0000000080600000, 0x0000000080600000|100%|HC|  |TAMS 0x0000000080600000, 0x0000000080500000| Complete 
|   6|0x0000000080600000, 0x0000000080700000, 0x0000000080700000|100%| O|  |TAMS 0x0000000080700000, 0x0000000080600000| Untracked 
|   7|0x0000000080700000, 0x0000000080800000, 0x0000000080800000|100%| O|  |TAMS 0x0000000080800000, 0x0000000080700000| Untracked 
|   8|0x0000000080800000, 0x0000000080900000, 0x0000000080900000|100%| O|  |TAMS 0x0000000080900000, 0x0000000080800000| Untracked 
|   9|0x0000000080900000, 0x0000000080a00000, 0x0000000080a00000|100%| O|  |TAMS 0x0000000080a00000, 0x0000000080900000| Untracked 
|  10|0x0000000080a00000, 0x0000000080b00000, 0x0000000080b00000|100%| O|  |TAMS 0x0000000080b00000, 0x0000000080a00000| Untracked 
|  11|0x0000000080b00000, 0x0000000080c00000, 0x0000000080c00000|100%| O|  |TAMS 0x0000000080c00000, 0x0000000080b00000| Untracked 
|  12|0x0000000080c00000, 0x0000000080d00000, 0x0000000080d00000|100%| O|  |TAMS 0x0000000080d00000, 0x0000000080c00000| Untracked 
|  13|0x0000000080d00000, 0x0000000080e00000, 0x0000000080e00000|100%| O|  |TAMS 0x0000000080e00000, 0x0000000080d00000| Untracked 
|  14|0x0000000080e00000, 0x0000000080f00000, 0x0000000080f00000|100%| O|  |TAMS 0x0000000080f00000, 0x0000000080e00000| Untracked 
|  15|0x0000000080f00000, 0x0000000081000000, 0x0000000081000000|100%| O|  |TAMS 0x0000000081000000, 0x0000000080f00000| Untracked 
|  16|0x0000000081000000, 0x0000000081100000, 0x0000000081100000|100%| O|  |TAMS 0x0000000081100000, 0x0000000081000000| Untracked 
|  17|0x0000000081100000, 0x0000000081200000, 0x0000000081200000|100%|HS|  |TAMS 0x0000000081200000, 0x0000000081100000| Complete 
|  18|0x0000000081200000, 0x0000000081300000, 0x0000000081300000|100%|HS|  |TAMS 0x0000000081300000, 0x0000000081200000| Complete 
|  19|0x0000000081300000, 0x0000000081400000, 0x0000000081400000|100%|HS|  |TAMS 0x0000000081400000, 0x0000000081300000| Complete 
|  20|0x0000000081400000, 0x0000000081500000, 0x0000000081500000|100%|HC|  |TAMS 0x0000000081500000, 0x0000000081400000| Complete 
|  21|0x0000000081500000, 0x0000000081600000, 0x0000000081600000|100%| O|  |TAMS 0x0000000081600000, 0x0000000081500000| Untracked 
|  22|0x0000000081600000, 0x0000000081700000, 0x0000000081700000|100%| O|  |TAMS 0x0000000081700000, 0x0000000081600000| Untracked 
|  23|0x0000000081700000, 0x0000000081800000, 0x0000000081800000|100%| O|  |TAMS 0x0000000081800000, 0x0000000081700000| Untracked 
|  24|0x0000000081800000, 0x0000000081900000, 0x0000000081900000|100%| O|  |TAMS 0x0000000081900000, 0x0000000081800000| Untracked 
|  25|0x0000000081900000, 0x0000000081a00000, 0x0000000081a00000|100%| O|  |TAMS 0x0000000081a00000, 0x0000000081900000| Untracked 
|  26|0x0000000081a00000, 0x0000000081b00000, 0x0000000081b00000|100%| O|  |TAMS 0x0000000081b00000, 0x0000000081a00000| Untracked 
|  27|0x0000000081b00000, 0x0000000081c00000, 0x0000000081c00000|100%| O|  |TAMS 0x0000000081c00000, 0x0000000081b00000| Untracked 
|  28|0x0000000081c00000, 0x0000000081d00000, 0x0000000081d00000|100%| O|  |TAMS 0x0000000081d00000, 0x0000000081c00000| Untracked 
|  29|0x0000000081d00000, 0x0000000081e00000, 0x0000000081e00000|100%| O|  |TAMS 0x0000000081e00000, 0x0000000081d00000| Untracked 
|  30|0x0000000081e00000, 0x0000000081f00000, 0x0000000081f00000|100%| O|  |TAMS 0x0000000081f00000, 0x0000000081e00000| Untracked 
|  31|0x0000000081f00000, 0x0000000082000000, 0x0000000082000000|100%| O|  |TAMS 0x0000000082000000, 0x0000000081f00000| Untracked 
|  32|0x0000000082000000, 0x0000000082100000, 0x0000000082100000|100%| O|  |TAMS 0x0000000082100000, 0x0000000082000000| Untracked 
|  33|0x0000000082100000, 0x0000000082200000, 0x0000000082200000|100%| O|  |TAMS 0x0000000082200000, 0x0000000082100000| Untracked 
|  34|0x0000000082200000, 0x0000000082300000, 0x0000000082300000|100%| O|  |TAMS 0x0000000082300000, 0x0000000082200000| Untracked 
|  35|0x0000000082300000, 0x0000000082400000, 0x0000000082400000|100%| O|  |TAMS 0x0000000082400000, 0x0000000082300000| Untracked 
|  36|0x0000000082400000, 0x0000000082500000, 0x0000000082500000|100%| O|  |TAMS 0x0000000082500000, 0x0000000082400000| Untracked 
|  37|0x0000000082500000, 0x0000000082600000, 0x0000000082600000|100%| O|  |TAMS 0x0000000082600000, 0x0000000082500000| Untracked 
|  38|0x0000000082600000, 0x0000000082700000, 0x0000000082700000|100%| O|  |TAMS 0x0000000082700000, 0x0000000082600000| Untracked 
|  39|0x0000000082700000, 0x0000000082800000, 0x0000000082800000|100%| O|  |TAMS 0x0000000082800000, 0x0000000082700000| Untracked 
|  40|0x0000000082800000, 0x0000000082900000, 0x0000000082900000|100%| O|  |TAMS 0x0000000082900000, 0x0000000082800000| Untracked 
|  41|0x0000000082900000, 0x0000000082a00000, 0x0000000082a00000|100%| O|  |TAMS 0x0000000082a00000, 0x0000000082900000| Untracked 
|  42|0x0000000082a00000, 0x0000000082b00000, 0x0000000082b00000|100%| O|  |TAMS 0x0000000082b00000, 0x0000000082a00000| Untracked 
|  43|0x0000000082b00000, 0x0000000082c00000, 0x0000000082c00000|100%| O|  |TAMS 0x0000000082c00000, 0x0000000082b00000| Untracked 
|  44|0x0000000082c00000, 0x0000000082d00000, 0x0000000082d00000|100%| O|  |TAMS 0x0000000082c5be00, 0x0000000082c00000| Untracked 
|  45|0x0000000082d00000, 0x0000000082e00000, 0x0000000082e00000|100%| O|  |TAMS 0x0000000082d00000, 0x0000000082d00000| Untracked 
|  46|0x0000000082e00000, 0x0000000082f00000, 0x0000000082f00000|100%| O|  |TAMS 0x0000000082e00000, 0x0000000082e00000| Untracked 
|  47|0x0000000082f00000, 0x0000000083000000, 0x0000000083000000|100%| O|  |TAMS 0x0000000082f00000, 0x0000000082f00000| Untracked 
|  48|0x0000000083000000, 0x0000000083100000, 0x0000000083100000|100%| O|  |TAMS 0x0000000083000000, 0x0000000083000000| Untracked 
|  49|0x0000000083100000, 0x0000000083200000, 0x0000000083200000|100%| O|  |TAMS 0x0000000083100000, 0x0000000083100000| Untracked 
|  50|0x0000000083200000, 0x0000000083300000, 0x0000000083300000|100%| O|  |TAMS 0x0000000083200000, 0x0000000083200000| Untracked 
|  51|0x0000000083300000, 0x0000000083400000, 0x0000000083400000|100%| O|  |TAMS 0x0000000083300000, 0x0000000083300000| Untracked 
|  52|0x0000000083400000, 0x0000000083413600, 0x0000000083500000|  7%| O|  |TAMS 0x0000000083400000, 0x0000000083400000| Untracked 
|  53|0x0000000083500000, 0x0000000083500000, 0x0000000083600000|  0%| F|  |TAMS 0x0000000083500000, 0x0000000083500000| Untracked 
|  54|0x0000000083600000, 0x0000000083600000, 0x0000000083700000|  0%| F|  |TAMS 0x0000000083600000, 0x0000000083600000| Untracked 
|  55|0x0000000083700000, 0x0000000083700000, 0x0000000083800000|  0%| F|  |TAMS 0x0000000083700000, 0x0000000083700000| Untracked 
|  56|0x0000000083800000, 0x0000000083800000, 0x0000000083900000|  0%| F|  |TAMS 0x0000000083800000, 0x0000000083800000| Untracked 
|  57|0x0000000083900000, 0x0000000083900000, 0x0000000083a00000|  0%| F|  |TAMS 0x0000000083900000, 0x0000000083900000| Untracked 
|  58|0x0000000083a00000, 0x0000000083a00000, 0x0000000083b00000|  0%| F|  |TAMS 0x0000000083a00000, 0x0000000083a00000| Untracked 
|  59|0x0000000083b00000, 0x0000000083b00000, 0x0000000083c00000|  0%| F|  |TAMS 0x0000000083b00000, 0x0000000083b00000| Untracked 
|  60|0x0000000083c00000, 0x0000000083c00000, 0x0000000083d00000|  0%| F|  |TAMS 0x0000000083c00000, 0x0000000083c00000| Untracked 
|  61|0x0000000083d00000, 0x0000000083d00000, 0x0000000083e00000|  0%| F|  |TAMS 0x0000000083d00000, 0x0000000083d00000| Untracked 
|  62|0x0000000083e00000, 0x0000000083e00000, 0x0000000083f00000|  0%| F|  |TAMS 0x0000000083e00000, 0x0000000083e00000| Untracked 
|  63|0x0000000083f00000, 0x0000000083f00000, 0x0000000084000000|  0%| F|  |TAMS 0x0000000083f00000, 0x0000000083f00000| Untracked 
|  64|0x0000000084000000, 0x0000000084000000, 0x0000000084100000|  0%| F|  |TAMS 0x0000000084000000, 0x0000000084000000| Untracked 
|  65|0x0000000084100000, 0x0000000084100000, 0x0000000084200000|  0%| F|  |TAMS 0x0000000084100000, 0x0000000084100000| Untracked 
|  66|0x0000000084200000, 0x0000000084200000, 0x0000000084300000|  0%| F|  |TAMS 0x0000000084200000, 0x0000000084200000| Untracked 
|  67|0x0000000084300000, 0x0000000084300000, 0x0000000084400000|  0%| F|  |TAMS 0x0000000084300000, 0x0000000084300000| Untracked 
|  68|0x0000000084400000, 0x0000000084400000, 0x0000000084500000|  0%| F|  |TAMS 0x0000000084400000, 0x0000000084400000| Untracked 
|  69|0x0000000084500000, 0x0000000084500000, 0x0000000084600000|  0%| F|  |TAMS 0x0000000084500000, 0x0000000084500000| Untracked 
|  70|0x0000000084600000, 0x0000000084600000, 0x0000000084700000|  0%| F|  |TAMS 0x0000000084600000, 0x0000000084600000| Untracked 
|  71|0x0000000084700000, 0x0000000084700000, 0x0000000084800000|  0%| F|  |TAMS 0x0000000084700000, 0x0000000084700000| Untracked 
|  72|0x0000000084800000, 0x0000000084800000, 0x0000000084900000|  0%| F|  |TAMS 0x0000000084800000, 0x0000000084800000| Untracked 
|  73|0x0000000084900000, 0x0000000084900000, 0x0000000084a00000|  0%| F|  |TAMS 0x0000000084900000, 0x0000000084900000| Untracked 
|  74|0x0000000084a00000, 0x0000000084a00000, 0x0000000084b00000|  0%| F|  |TAMS 0x0000000084a00000, 0x0000000084a00000| Untracked 
|  75|0x0000000084b00000, 0x0000000084b00000, 0x0000000084c00000|  0%| F|  |TAMS 0x0000000084b00000, 0x0000000084b00000| Untracked 
|  76|0x0000000084c00000, 0x0000000084c00000, 0x0000000084d00000|  0%| F|  |TAMS 0x0000000084c00000, 0x0000000084c00000| Untracked 
|  77|0x0000000084d00000, 0x0000000084d00000, 0x0000000084e00000|  0%| F|  |TAMS 0x0000000084d00000, 0x0000000084d00000| Untracked 
|  78|0x0000000084e00000, 0x0000000084e00000, 0x0000000084f00000|  0%| F|  |TAMS 0x0000000084e00000, 0x0000000084e00000| Untracked 
|  79|0x0000000084f00000, 0x0000000084f00000, 0x0000000085000000|  0%| F|  |TAMS 0x0000000084f00000, 0x0000000084f00000| Untracked 
|  80|0x0000000085000000, 0x0000000085000000, 0x0000000085100000|  0%| F|  |TAMS 0x0000000085000000, 0x0000000085000000| Untracked 
|  81|0x0000000085100000, 0x0000000085100000, 0x0000000085200000|  0%| F|  |TAMS 0x0000000085100000, 0x0000000085100000| Untracked 
|  82|0x0000000085200000, 0x0000000085200000, 0x0000000085300000|  0%| F|  |TAMS 0x0000000085200000, 0x0000000085200000| Untracked 
|  83|0x0000000085300000, 0x0000000085300000, 0x0000000085400000|  0%| F|  |TAMS 0x0000000085300000, 0x0000000085300000| Untracked 
|  84|0x0000000085400000, 0x0000000085400000, 0x0000000085500000|  0%| F|  |TAMS 0x0000000085400000, 0x0000000085400000| Untracked 
|  85|0x0000000085500000, 0x0000000085500000, 0x0000000085600000|  0%| F|  |TAMS 0x0000000085500000, 0x0000000085500000| Untracked 
|  86|0x0000000085600000, 0x0000000085600000, 0x0000000085700000|  0%| F|  |TAMS 0x0000000085600000, 0x0000000085600000| Untracked 
|  87|0x0000000085700000, 0x0000000085700000, 0x0000000085800000|  0%| F|  |TAMS 0x0000000085700000, 0x0000000085700000| Untracked 
|  88|0x0000000085800000, 0x0000000085800000, 0x0000000085900000|  0%| F|  |TAMS 0x0000000085800000, 0x0000000085800000| Untracked 
|  89|0x0000000085900000, 0x0000000085900000, 0x0000000085a00000|  0%| F|  |TAMS 0x0000000085900000, 0x0000000085900000| Untracked 
|  90|0x0000000085a00000, 0x0000000085a00000, 0x0000000085b00000|  0%| F|  |TAMS 0x0000000085a00000, 0x0000000085a00000| Untracked 
|  91|0x0000000085b00000, 0x0000000085b00000, 0x0000000085c00000|  0%| F|  |TAMS 0x0000000085b00000, 0x0000000085b00000| Untracked 
|  92|0x0000000085c00000, 0x0000000085c00000, 0x0000000085d00000|  0%| F|  |TAMS 0x0000000085c00000, 0x0000000085c00000| Untracked 
|  93|0x0000000085d00000, 0x0000000085d00000, 0x0000000085e00000|  0%| F|  |TAMS 0x0000000085d00000, 0x0000000085d00000| Untracked 
|  94|0x0000000085e00000, 0x0000000085e00000, 0x0000000085f00000|  0%| F|  |TAMS 0x0000000085e00000, 0x0000000085e00000| Untracked 
|  95|0x0000000085f00000, 0x0000000085f00000, 0x0000000086000000|  0%| F|  |TAMS 0x0000000085f00000, 0x0000000085f00000| Untracked 
|  96|0x0000000086000000, 0x0000000086000000, 0x0000000086100000|  0%| F|  |TAMS 0x0000000086000000, 0x0000000086000000| Untracked 
|  97|0x0000000086100000, 0x0000000086100000, 0x0000000086200000|  0%| F|  |TAMS 0x0000000086100000, 0x0000000086100000| Untracked 
|  98|0x0000000086200000, 0x0000000086200000, 0x0000000086300000|  0%| F|  |TAMS 0x0000000086200000, 0x0000000086200000| Untracked 
|  99|0x0000000086300000, 0x0000000086300000, 0x0000000086400000|  0%| F|  |TAMS 0x0000000086300000, 0x0000000086300000| Untracked 
| 100|0x0000000086400000, 0x0000000086400000, 0x0000000086500000|  0%| F|  |TAMS 0x0000000086400000, 0x0000000086400000| Untracked 
| 101|0x0000000086500000, 0x0000000086500000, 0x0000000086600000|  0%| F|  |TAMS 0x0000000086500000, 0x0000000086500000| Untracked 
| 102|0x0000000086600000, 0x0000000086600000, 0x0000000086700000|  0%| F|  |TAMS 0x0000000086600000, 0x0000000086600000| Untracked 
| 103|0x0000000086700000, 0x0000000086700000, 0x0000000086800000|  0%| F|  |TAMS 0x0000000086700000, 0x0000000086700000| Untracked 
| 104|0x0000000086800000, 0x0000000086800000, 0x0000000086900000|  0%| F|  |TAMS 0x0000000086800000, 0x0000000086800000| Untracked 
| 105|0x0000000086900000, 0x0000000086900000, 0x0000000086a00000|  0%| F|  |TAMS 0x0000000086900000, 0x0000000086900000| Untracked 
| 106|0x0000000086a00000, 0x0000000086a00000, 0x0000000086b00000|  0%| F|  |TAMS 0x0000000086a00000, 0x0000000086a00000| Untracked 
| 107|0x0000000086b00000, 0x0000000086b00000, 0x0000000086c00000|  0%| F|  |TAMS 0x0000000086b00000, 0x0000000086b00000| Untracked 
| 108|0x0000000086c00000, 0x0000000086c00000, 0x0000000086d00000|  0%| F|  |TAMS 0x0000000086c00000, 0x0000000086c00000| Untracked 
| 109|0x0000000086d00000, 0x0000000086d00000, 0x0000000086e00000|  0%| F|  |TAMS 0x0000000086d00000, 0x0000000086d00000| Untracked 
| 110|0x0000000086e00000, 0x0000000086e00000, 0x0000000086f00000|  0%| F|  |TAMS 0x0000000086e00000, 0x0000000086e00000| Untracked 
| 111|0x0000000086f00000, 0x0000000086f00000, 0x0000000087000000|  0%| F|  |TAMS 0x0000000086f00000, 0x0000000086f00000| Untracked 
| 112|0x0000000087000000, 0x0000000087000000, 0x0000000087100000|  0%| F|  |TAMS 0x0000000087000000, 0x0000000087000000| Untracked 
| 113|0x0000000087100000, 0x0000000087100000, 0x0000000087200000|  0%| F|  |TAMS 0x0000000087100000, 0x0000000087100000| Untracked 
| 114|0x0000000087200000, 0x0000000087200000, 0x0000000087300000|  0%| F|  |TAMS 0x0000000087200000, 0x0000000087200000| Untracked 
| 115|0x0000000087300000, 0x0000000087300000, 0x0000000087400000|  0%| F|  |TAMS 0x0000000087300000, 0x0000000087300000| Untracked 
| 116|0x0000000087400000, 0x0000000087400000, 0x0000000087500000|  0%| F|  |TAMS 0x0000000087400000, 0x0000000087400000| Untracked 
| 117|0x0000000087500000, 0x0000000087500000, 0x0000000087600000|  0%| F|  |TAMS 0x0000000087500000, 0x0000000087500000| Untracked 
| 118|0x0000000087600000, 0x0000000087600000, 0x0000000087700000|  0%| F|  |TAMS 0x0000000087600000, 0x0000000087600000| Untracked 
| 119|0x0000000087700000, 0x0000000087700000, 0x0000000087800000|  0%| F|  |TAMS 0x0000000087700000, 0x0000000087700000| Untracked 
| 120|0x0000000087800000, 0x0000000087800000, 0x0000000087900000|  0%| F|  |TAMS 0x0000000087800000, 0x0000000087800000| Untracked 
| 121|0x0000000087900000, 0x0000000087900000, 0x0000000087a00000|  0%| F|  |TAMS 0x0000000087900000, 0x0000000087900000| Untracked 
| 122|0x0000000087a00000, 0x0000000087a00000, 0x0000000087b00000|  0%| F|  |TAMS 0x0000000087a00000, 0x0000000087a00000| Untracked 
| 123|0x0000000087b00000, 0x0000000087b00000, 0x0000000087c00000|  0%| F|  |TAMS 0x0000000087b00000, 0x0000000087b00000| Untracked 
| 124|0x0000000087c00000, 0x0000000087c00000, 0x0000000087d00000|  0%| F|  |TAMS 0x0000000087c00000, 0x0000000087c00000| Untracked 
| 125|0x0000000087d00000, 0x0000000087d00000, 0x0000000087e00000|  0%| F|  |TAMS 0x0000000087d00000, 0x0000000087d00000| Untracked 
| 126|0x0000000087e00000, 0x0000000087e00000, 0x0000000087f00000|  0%| F|  |TAMS 0x0000000087e00000, 0x0000000087e00000| Untracked 
| 127|0x0000000087f00000, 0x0000000087f00000, 0x0000000088000000|  0%| F|  |TAMS 0x0000000087f00000, 0x0000000087f00000| Untracked 
| 128|0x0000000088000000, 0x0000000088000000, 0x0000000088100000|  0%| F|  |TAMS 0x0000000088000000, 0x0000000088000000| Untracked 
| 129|0x0000000088100000, 0x0000000088100000, 0x0000000088200000|  0%| F|  |TAMS 0x0000000088100000, 0x0000000088100000| Untracked 
| 130|0x0000000088200000, 0x0000000088200000, 0x0000000088300000|  0%| F|  |TAMS 0x0000000088200000, 0x0000000088200000| Untracked 
| 131|0x0000000088300000, 0x0000000088300000, 0x0000000088400000|  0%| F|  |TAMS 0x0000000088300000, 0x0000000088300000| Untracked 
| 132|0x0000000088400000, 0x0000000088400000, 0x0000000088500000|  0%| F|  |TAMS 0x0000000088400000, 0x0000000088400000| Untracked 
| 133|0x0000000088500000, 0x0000000088500000, 0x0000000088600000|  0%| F|  |TAMS 0x0000000088500000, 0x0000000088500000| Untracked 
| 134|0x0000000088600000, 0x0000000088600000, 0x0000000088700000|  0%| F|  |TAMS 0x0000000088600000, 0x0000000088600000| Untracked 
| 135|0x0000000088700000, 0x0000000088700000, 0x0000000088800000|  0%| F|  |TAMS 0x0000000088700000, 0x0000000088700000| Untracked 
| 136|0x0000000088800000, 0x0000000088800000, 0x0000000088900000|  0%| F|  |TAMS 0x0000000088800000, 0x0000000088800000| Untracked 
| 137|0x0000000088900000, 0x0000000088900000, 0x0000000088a00000|  0%| F|  |TAMS 0x0000000088900000, 0x0000000088900000| Untracked 
| 138|0x0000000088a00000, 0x0000000088a00000, 0x0000000088b00000|  0%| F|  |TAMS 0x0000000088a00000, 0x0000000088a00000| Untracked 
| 139|0x0000000088b00000, 0x0000000088b00000, 0x0000000088c00000|  0%| F|  |TAMS 0x0000000088b00000, 0x0000000088b00000| Untracked 
| 140|0x0000000088c00000, 0x0000000088c00000, 0x0000000088d00000|  0%| F|  |TAMS 0x0000000088c00000, 0x0000000088c00000| Untracked 
| 141|0x0000000088d00000, 0x0000000088d00000, 0x0000000088e00000|  0%| F|  |TAMS 0x0000000088d00000, 0x0000000088d00000| Untracked 
| 142|0x0000000088e00000, 0x0000000088e00000, 0x0000000088f00000|  0%| F|  |TAMS 0x0000000088e00000, 0x0000000088e00000| Untracked 
| 143|0x0000000088f00000, 0x0000000088faa860, 0x0000000089000000| 66%| S|CS|TAMS 0x0000000088f00000, 0x0000000088f00000| Complete 
| 144|0x0000000089000000, 0x0000000089100000, 0x0000000089100000|100%| S|CS|TAMS 0x0000000089000000, 0x0000000089000000| Complete 
| 145|0x0000000089100000, 0x0000000089200000, 0x0000000089200000|100%| S|CS|TAMS 0x0000000089100000, 0x0000000089100000| Complete 
| 146|0x0000000089200000, 0x0000000089300000, 0x0000000089300000|100%| S|CS|TAMS 0x0000000089200000, 0x0000000089200000| Complete 
| 147|0x0000000089300000, 0x0000000089400000, 0x0000000089400000|100%| S|CS|TAMS 0x0000000089300000, 0x0000000089300000| Complete 
| 148|0x0000000089400000, 0x0000000089500000, 0x0000000089500000|100%| S|CS|TAMS 0x0000000089400000, 0x0000000089400000| Complete 
| 149|0x0000000089500000, 0x0000000089600000, 0x0000000089600000|100%| S|CS|TAMS 0x0000000089500000, 0x0000000089500000| Complete 
| 150|0x0000000089600000, 0x0000000089600000, 0x0000000089700000|  0%| F|  |TAMS 0x0000000089600000, 0x0000000089600000| Untracked 
| 151|0x0000000089700000, 0x0000000089700000, 0x0000000089800000|  0%| F|  |TAMS 0x0000000089700000, 0x0000000089700000| Untracked 
| 152|0x0000000089800000, 0x0000000089800000, 0x0000000089900000|  0%| F|  |TAMS 0x0000000089800000, 0x0000000089800000| Untracked 
| 153|0x0000000089900000, 0x0000000089900000, 0x0000000089a00000|  0%| F|  |TAMS 0x0000000089900000, 0x0000000089900000| Untracked 
| 154|0x0000000089a00000, 0x0000000089a00000, 0x0000000089b00000|  0%| F|  |TAMS 0x0000000089a00000, 0x0000000089a00000| Untracked 
| 155|0x0000000089b00000, 0x0000000089b00000, 0x0000000089c00000|  0%| F|  |TAMS 0x0000000089b00000, 0x0000000089b00000| Untracked 
| 156|0x0000000089c00000, 0x0000000089c00000, 0x0000000089d00000|  0%| F|  |TAMS 0x0000000089c00000, 0x0000000089c00000| Untracked 
| 157|0x0000000089d00000, 0x0000000089d00000, 0x0000000089e00000|  0%| F|  |TAMS 0x0000000089d00000, 0x0000000089d00000| Untracked 
| 158|0x0000000089e00000, 0x0000000089e00000, 0x0000000089f00000|  0%| F|  |TAMS 0x0000000089e00000, 0x0000000089e00000| Untracked 
| 159|0x0000000089f00000, 0x0000000089f00000, 0x000000008a000000|  0%| F|  |TAMS 0x0000000089f00000, 0x0000000089f00000| Untracked 
| 160|0x000000008a000000, 0x000000008a000000, 0x000000008a100000|  0%| F|  |TAMS 0x000000008a000000, 0x000000008a000000| Untracked 
| 161|0x000000008a100000, 0x000000008a100000, 0x000000008a200000|  0%| F|  |TAMS 0x000000008a100000, 0x000000008a100000| Untracked 
| 162|0x000000008a200000, 0x000000008a200000, 0x000000008a300000|  0%| F|  |TAMS 0x000000008a200000, 0x000000008a200000| Untracked 
| 163|0x000000008a300000, 0x000000008a300000, 0x000000008a400000|  0%| F|  |TAMS 0x000000008a300000, 0x000000008a300000| Untracked 
| 164|0x000000008a400000, 0x000000008a400000, 0x000000008a500000|  0%| F|  |TAMS 0x000000008a400000, 0x000000008a400000| Untracked 
| 165|0x000000008a500000, 0x000000008a500000, 0x000000008a600000|  0%| F|  |TAMS 0x000000008a500000, 0x000000008a500000| Untracked 
| 166|0x000000008a600000, 0x000000008a600000, 0x000000008a700000|  0%| F|  |TAMS 0x000000008a600000, 0x000000008a600000| Untracked 
| 167|0x000000008a700000, 0x000000008a700000, 0x000000008a800000|  0%| F|  |TAMS 0x000000008a700000, 0x000000008a700000| Untracked 
| 168|0x000000008a800000, 0x000000008a800000, 0x000000008a900000|  0%| F|  |TAMS 0x000000008a800000, 0x000000008a800000| Untracked 
| 169|0x000000008a900000, 0x000000008a900000, 0x000000008aa00000|  0%| F|  |TAMS 0x000000008a900000, 0x000000008a900000| Untracked 
| 170|0x000000008aa00000, 0x000000008aa00000, 0x000000008ab00000|  0%| F|  |TAMS 0x000000008aa00000, 0x000000008aa00000| Untracked 
| 171|0x000000008ab00000, 0x000000008ab00000, 0x000000008ac00000|  0%| F|  |TAMS 0x000000008ab00000, 0x000000008ab00000| Untracked 
| 172|0x000000008ac00000, 0x000000008ac00000, 0x000000008ad00000|  0%| F|  |TAMS 0x000000008ac00000, 0x000000008ac00000| Untracked 
| 173|0x000000008ad00000, 0x000000008ad00000, 0x000000008ae00000|  0%| F|  |TAMS 0x000000008ad00000, 0x000000008ad00000| Untracked 
| 174|0x000000008ae00000, 0x000000008ae00000, 0x000000008af00000|  0%| F|  |TAMS 0x000000008ae00000, 0x000000008ae00000| Untracked 
| 175|0x000000008af00000, 0x000000008af00000, 0x000000008b000000|  0%| F|  |TAMS 0x000000008af00000, 0x000000008af00000| Untracked 
| 176|0x000000008b000000, 0x000000008b000000, 0x000000008b100000|  0%| F|  |TAMS 0x000000008b000000, 0x000000008b000000| Untracked 
| 177|0x000000008b100000, 0x000000008b100000, 0x000000008b200000|  0%| F|  |TAMS 0x000000008b100000, 0x000000008b100000| Untracked 
| 178|0x000000008b200000, 0x000000008b200000, 0x000000008b300000|  0%| F|  |TAMS 0x000000008b200000, 0x000000008b200000| Untracked 
| 179|0x000000008b300000, 0x000000008b300000, 0x000000008b400000|  0%| F|  |TAMS 0x000000008b300000, 0x000000008b300000| Untracked 
| 180|0x000000008b400000, 0x000000008b500000, 0x000000008b500000|100%| E|  |TAMS 0x000000008b400000, 0x000000008b400000| Complete 
| 181|0x000000008b500000, 0x000000008b600000, 0x000000008b600000|100%| E|CS|TAMS 0x000000008b500000, 0x000000008b500000| Complete 
| 182|0x000000008b600000, 0x000000008b700000, 0x000000008b700000|100%| E|CS|TAMS 0x000000008b600000, 0x000000008b600000| Complete 
| 183|0x000000008b700000, 0x000000008b800000, 0x000000008b800000|100%| E|CS|TAMS 0x000000008b700000, 0x000000008b700000| Complete 
| 184|0x000000008b800000, 0x000000008b900000, 0x000000008b900000|100%| E|CS|TAMS 0x000000008b800000, 0x000000008b800000| Complete 
| 185|0x000000008b900000, 0x000000008ba00000, 0x000000008ba00000|100%| E|CS|TAMS 0x000000008b900000, 0x000000008b900000| Complete 
| 186|0x000000008ba00000, 0x000000008bb00000, 0x000000008bb00000|100%| E|CS|TAMS 0x000000008ba00000, 0x000000008ba00000| Complete 
| 187|0x000000008bb00000, 0x000000008bc00000, 0x000000008bc00000|100%| E|CS|TAMS 0x000000008bb00000, 0x000000008bb00000| Complete 
| 188|0x000000008bc00000, 0x000000008bd00000, 0x000000008bd00000|100%| E|CS|TAMS 0x000000008bc00000, 0x000000008bc00000| Complete 
| 189|0x000000008bd00000, 0x000000008be00000, 0x000000008be00000|100%| E|CS|TAMS 0x000000008bd00000, 0x000000008bd00000| Complete 
| 190|0x000000008be00000, 0x000000008bf00000, 0x000000008bf00000|100%| E|CS|TAMS 0x000000008be00000, 0x000000008be00000| Complete 
| 191|0x000000008bf00000, 0x000000008c000000, 0x000000008c000000|100%| E|CS|TAMS 0x000000008bf00000, 0x000000008bf00000| Complete 
| 192|0x000000008c000000, 0x000000008c100000, 0x000000008c100000|100%| E|CS|TAMS 0x000000008c000000, 0x000000008c000000| Complete 
| 193|0x000000008c100000, 0x000000008c200000, 0x000000008c200000|100%| E|CS|TAMS 0x000000008c100000, 0x000000008c100000| Complete 
| 194|0x000000008c200000, 0x000000008c300000, 0x000000008c300000|100%| E|CS|TAMS 0x000000008c200000, 0x000000008c200000| Complete 
| 195|0x000000008c300000, 0x000000008c400000, 0x000000008c400000|100%| E|CS|TAMS 0x000000008c300000, 0x000000008c300000| Complete 
| 196|0x000000008c400000, 0x000000008c500000, 0x000000008c500000|100%| E|CS|TAMS 0x000000008c400000, 0x000000008c400000| Complete 
| 197|0x000000008c500000, 0x000000008c600000, 0x000000008c600000|100%| E|CS|TAMS 0x000000008c500000, 0x000000008c500000| Complete 
| 198|0x000000008c600000, 0x000000008c700000, 0x000000008c700000|100%| E|CS|TAMS 0x000000008c600000, 0x000000008c600000| Complete 
| 199|0x000000008c700000, 0x000000008c800000, 0x000000008c800000|100%| E|CS|TAMS 0x000000008c700000, 0x000000008c700000| Complete 
| 200|0x000000008c800000, 0x000000008c900000, 0x000000008c900000|100%| E|CS|TAMS 0x000000008c800000, 0x000000008c800000| Complete 
| 201|0x000000008c900000, 0x000000008ca00000, 0x000000008ca00000|100%| E|CS|TAMS 0x000000008c900000, 0x000000008c900000| Complete 
| 202|0x000000008ca00000, 0x000000008cb00000, 0x000000008cb00000|100%| E|CS|TAMS 0x000000008ca00000, 0x000000008ca00000| Complete 
| 203|0x000000008cb00000, 0x000000008cc00000, 0x000000008cc00000|100%| E|CS|TAMS 0x000000008cb00000, 0x000000008cb00000| Complete 
| 204|0x000000008cc00000, 0x000000008cd00000, 0x000000008cd00000|100%| E|CS|TAMS 0x000000008cc00000, 0x000000008cc00000| Complete 
| 205|0x000000008cd00000, 0x000000008ce00000, 0x000000008ce00000|100%| E|CS|TAMS 0x000000008cd00000, 0x000000008cd00000| Complete 
| 206|0x000000008ce00000, 0x000000008cf00000, 0x000000008cf00000|100%| E|CS|TAMS 0x000000008ce00000, 0x000000008ce00000| Complete 
| 207|0x000000008cf00000, 0x000000008d000000, 0x000000008d000000|100%| E|CS|TAMS 0x000000008cf00000, 0x000000008cf00000| Complete 
| 208|0x000000008d000000, 0x000000008d100000, 0x000000008d100000|100%| E|CS|TAMS 0x000000008d000000, 0x000000008d000000| Complete 
| 209|0x000000008d100000, 0x000000008d200000, 0x000000008d200000|100%| E|CS|TAMS 0x000000008d100000, 0x000000008d100000| Complete 
| 210|0x000000008d200000, 0x000000008d300000, 0x000000008d300000|100%| E|CS|TAMS 0x000000008d200000, 0x000000008d200000| Complete 
| 211|0x000000008d300000, 0x000000008d400000, 0x000000008d400000|100%| E|CS|TAMS 0x000000008d300000, 0x000000008d300000| Complete 
| 212|0x000000008d400000, 0x000000008d500000, 0x000000008d500000|100%| E|CS|TAMS 0x000000008d400000, 0x000000008d400000| Complete 
| 213|0x000000008d500000, 0x000000008d600000, 0x000000008d600000|100%| E|CS|TAMS 0x000000008d500000, 0x000000008d500000| Complete 
| 214|0x000000008d600000, 0x000000008d700000, 0x000000008d700000|100%| E|CS|TAMS 0x000000008d600000, 0x000000008d600000| Complete 
| 215|0x000000008d700000, 0x000000008d800000, 0x000000008d800000|100%| E|CS|TAMS 0x000000008d700000, 0x000000008d700000| Complete 
| 216|0x000000008d800000, 0x000000008d900000, 0x000000008d900000|100%| E|CS|TAMS 0x000000008d800000, 0x000000008d800000| Complete 
| 217|0x000000008d900000, 0x000000008da00000, 0x000000008da00000|100%| E|CS|TAMS 0x000000008d900000, 0x000000008d900000| Complete 
| 218|0x000000008da00000, 0x000000008db00000, 0x000000008db00000|100%| E|CS|TAMS 0x000000008da00000, 0x000000008da00000| Complete 
| 219|0x000000008db00000, 0x000000008dc00000, 0x000000008dc00000|100%| E|CS|TAMS 0x000000008db00000, 0x000000008db00000| Complete 
| 220|0x000000008dc00000, 0x000000008dd00000, 0x000000008dd00000|100%| E|CS|TAMS 0x000000008dc00000, 0x000000008dc00000| Complete 
| 221|0x000000008dd00000, 0x000000008de00000, 0x000000008de00000|100%| E|CS|TAMS 0x000000008dd00000, 0x000000008dd00000| Complete 
| 222|0x000000008de00000, 0x000000008df00000, 0x000000008df00000|100%| E|CS|TAMS 0x000000008de00000, 0x000000008de00000| Complete 
| 223|0x000000008df00000, 0x000000008e000000, 0x000000008e000000|100%| E|CS|TAMS 0x000000008df00000, 0x000000008df00000| Complete 
| 224|0x000000008e000000, 0x000000008e100000, 0x000000008e100000|100%| E|CS|TAMS 0x000000008e000000, 0x000000008e000000| Complete 
| 225|0x000000008e100000, 0x000000008e200000, 0x000000008e200000|100%| E|CS|TAMS 0x000000008e100000, 0x000000008e100000| Complete 
| 226|0x000000008e200000, 0x000000008e300000, 0x000000008e300000|100%| E|CS|TAMS 0x000000008e200000, 0x000000008e200000| Complete 
| 227|0x000000008e300000, 0x000000008e400000, 0x000000008e400000|100%| E|CS|TAMS 0x000000008e300000, 0x000000008e300000| Complete 
| 228|0x000000008e400000, 0x000000008e500000, 0x000000008e500000|100%| E|CS|TAMS 0x000000008e400000, 0x000000008e400000| Complete 
| 229|0x000000008e500000, 0x000000008e600000, 0x000000008e600000|100%| E|CS|TAMS 0x000000008e500000, 0x000000008e500000| Complete 
| 230|0x000000008e600000, 0x000000008e700000, 0x000000008e700000|100%| E|CS|TAMS 0x000000008e600000, 0x000000008e600000| Complete 
| 231|0x000000008e700000, 0x000000008e800000, 0x000000008e800000|100%| E|CS|TAMS 0x000000008e700000, 0x000000008e700000| Complete 
| 232|0x000000008e800000, 0x000000008e900000, 0x000000008e900000|100%| E|CS|TAMS 0x000000008e800000, 0x000000008e800000| Complete 
| 233|0x000000008e900000, 0x000000008ea00000, 0x000000008ea00000|100%| E|CS|TAMS 0x000000008e900000, 0x000000008e900000| Complete 
| 234|0x000000008ea00000, 0x000000008eb00000, 0x000000008eb00000|100%| E|CS|TAMS 0x000000008ea00000, 0x000000008ea00000| Complete 
| 235|0x000000008eb00000, 0x000000008ec00000, 0x000000008ec00000|100%| E|CS|TAMS 0x000000008eb00000, 0x000000008eb00000| Complete 
| 236|0x000000008ec00000, 0x000000008ed00000, 0x000000008ed00000|100%| E|CS|TAMS 0x000000008ec00000, 0x000000008ec00000| Complete 
| 237|0x000000008ed00000, 0x000000008ee00000, 0x000000008ee00000|100%| E|CS|TAMS 0x000000008ed00000, 0x000000008ed00000| Complete 
| 238|0x000000008ee00000, 0x000000008ef00000, 0x000000008ef00000|100%| E|CS|TAMS 0x000000008ee00000, 0x000000008ee00000| Complete 
| 239|0x000000008ef00000, 0x000000008f000000, 0x000000008f000000|100%| E|CS|TAMS 0x000000008ef00000, 0x000000008ef00000| Complete 
| 240|0x000000008f000000, 0x000000008f100000, 0x000000008f100000|100%| E|CS|TAMS 0x000000008f000000, 0x000000008f000000| Complete 
| 241|0x000000008f100000, 0x000000008f200000, 0x000000008f200000|100%| E|CS|TAMS 0x000000008f100000, 0x000000008f100000| Complete 
| 242|0x000000008f200000, 0x000000008f300000, 0x000000008f300000|100%| E|CS|TAMS 0x000000008f200000, 0x000000008f200000| Complete 
| 243|0x000000008f300000, 0x000000008f400000, 0x000000008f400000|100%| E|CS|TAMS 0x000000008f300000, 0x000000008f300000| Complete 
| 244|0x000000008f400000, 0x000000008f500000, 0x000000008f500000|100%| E|CS|TAMS 0x000000008f400000, 0x000000008f400000| Complete 
| 245|0x000000008f500000, 0x000000008f600000, 0x000000008f600000|100%| E|CS|TAMS 0x000000008f500000, 0x000000008f500000| Complete 
| 246|0x000000008f600000, 0x000000008f700000, 0x000000008f700000|100%| E|CS|TAMS 0x000000008f600000, 0x000000008f600000| Complete 
| 247|0x000000008f700000, 0x000000008f800000, 0x000000008f800000|100%| E|CS|TAMS 0x000000008f700000, 0x000000008f700000| Complete 
| 248|0x000000008f800000, 0x000000008f900000, 0x000000008f900000|100%| E|CS|TAMS 0x000000008f800000, 0x000000008f800000| Complete 
| 249|0x000000008f900000, 0x000000008fa00000, 0x000000008fa00000|100%| E|CS|TAMS 0x000000008f900000, 0x000000008f900000| Complete 
| 250|0x000000008fa00000, 0x000000008fb00000, 0x000000008fb00000|100%| E|CS|TAMS 0x000000008fa00000, 0x000000008fa00000| Complete 
| 251|0x000000008fb00000, 0x000000008fc00000, 0x000000008fc00000|100%| E|CS|TAMS 0x000000008fb00000, 0x000000008fb00000| Complete 
| 252|0x000000008fc00000, 0x000000008fd00000, 0x000000008fd00000|100%| E|CS|TAMS 0x000000008fc00000, 0x000000008fc00000| Complete 
| 253|0x000000008fd00000, 0x000000008fe00000, 0x000000008fe00000|100%| E|CS|TAMS 0x000000008fd00000, 0x000000008fd00000| Complete 

Card table byte_map: [0x000001bf70e10000,0x000001bf71210000] _byte_map_base: 0x000001bf70a10000

Marking Bits (Prev, Next): (CMBitMap*) 0x000001bf5dc01308, (CMBitMap*) 0x000001bf5dc01340
 Prev Bits: [0x000001bf71610000, 0x000001bf73610000)
 Next Bits: [0x000001bf73610000, 0x000001bf75610000)

Polling page: 0x000001bf5d3a0000

Metaspace:

Usage:
  Non-class:     66.94 MB capacity,    65.83 MB ( 98%) used,   935.06 KB (  1%) free+waste,   196.00 KB ( <1%) overhead. 
      Class:     10.65 MB capacity,     9.98 MB ( 94%) used,   591.29 KB (  5%) free+waste,    91.50 KB ( <1%) overhead. 
       Both:     77.58 MB capacity,    75.81 MB ( 98%) used,     1.49 MB (  2%) free+waste,   287.50 KB ( <1%) overhead. 

Virtual space:
  Non-class space:       68.00 MB reserved,      67.17 MB ( 99%) committed 
      Class space:        1.00 GB reserved,      10.75 MB (  1%) committed 
             Both:        1.07 GB reserved,      77.92 MB (  7%) committed 

Chunk freelists:
   Non-Class:  46.00 KB
       Class:  11.00 KB
        Both:  57.00 KB

MaxMetaspaceSize: 17179869184.00 GB
CompressedClassSpaceSize: 1.00 GB
Initial GC threshold: 20.80 MB
Current GC threshold: 109.66 MB
CDS: off

CodeHeap 'non-profiled nmethods': size=120000Kb used=5055Kb max_used=5055Kb free=114944Kb
 bounds [0x000001bf691a0000, 0x000001bf69690000, 0x000001bf706d0000]
CodeHeap 'profiled nmethods': size=120000Kb used=16478Kb max_used=16478Kb free=103522Kb
 bounds [0x000001bf61c70000, 0x000001bf62c90000, 0x000001bf691a0000]
CodeHeap 'non-nmethods': size=5760Kb used=2357Kb max_used=2445Kb free=3402Kb
 bounds [0x000001bf616d0000, 0x000001bf61940000, 0x000001bf61c70000]
 total_blobs=8515 nmethods=7648 adapters=779
 compilation: enabled
              stopped_count=0, restarted_count=0
 full_count=0

Compilation events (20 events):
Event: 16.498 Thread 0x000001bf78957800 7659       1       com.sun.xml.bind.v2.model.impl.TypeRefImpl::getTagName (5 bytes)
Event: 16.498 Thread 0x000001bf78957800 nmethod 7659 0x000001bf6968ae10 code [0x000001bf6968afc0, 0x000001bf6968b078]
Event: 16.499 Thread 0x000001bf78957800 7660       1       javax.xml.namespace.QName::getNamespaceURI (5 bytes)
Event: 16.499 Thread 0x000001bf78957800 nmethod 7660 0x000001bf6968b110 code [0x000001bf6968b2c0, 0x000001bf6968b378]
Event: 16.499 Thread 0x000001bf78957800 7661       1       javax.xml.namespace.QName::getLocalPart (5 bytes)
Event: 16.499 Thread 0x000001bf78957800 nmethod 7661 0x000001bf6968b410 code [0x000001bf6968b5c0, 0x000001bf6968b678]
Event: 16.499 Thread 0x000001bf78957800 7662       3       com.sun.xml.bind.v2.runtime.NameBuilder::allocIndex (39 bytes)
Event: 16.500 Thread 0x000001bf78957800 nmethod 7662 0x000001bf62c82590 code [0x000001bf62c827a0, 0x000001bf62c82ec8]
Event: 16.501 Thread 0x000001bf78957800 7663       3       com.sun.xml.bind.v2.util.QNameMap::indexFor (6 bytes)
Event: 16.501 Thread 0x000001bf78957800 nmethod 7663 0x000001bf62c83110 code [0x000001bf62c832c0, 0x000001bf62c83398]
Event: 16.501 Thread 0x000001bf78957800 7664       1       com.sun.xml.bind.v2.model.impl.ClassInfoImpl::getTypeName (5 bytes)
Event: 16.501 Thread 0x000001bf78957800 nmethod 7664 0x000001bf6968b710 code [0x000001bf6968b8c0, 0x000001bf6968b978]
Event: 16.501 Thread 0x000001bf78957800 7665       1       com.sun.xml.bind.v2.model.impl.RuntimeElementPropertyInfoImpl::getAccessor (5 bytes)
Event: 16.502 Thread 0x000001bf78957800 nmethod 7665 0x000001bf6968ba10 code [0x000001bf6968bbc0, 0x000001bf6968bc78]
Event: 16.502 Thread 0x000001bf78957800 7666       1       com.sun.xml.bind.v2.runtime.property.PropertyImpl::getFieldName (5 bytes)
Event: 16.502 Thread 0x000001bf78957800 nmethod 7666 0x000001bf6968bd10 code [0x000001bf6968bec0, 0x000001bf6968bf78]
Event: 16.502 Thread 0x000001bf78957800 7667       3       com.sun.xml.bind.v2.util.QNameMap::hash (36 bytes)
Event: 16.502 Thread 0x000001bf78957800 nmethod 7667 0x000001bf62c83410 code [0x000001bf62c835c0, 0x000001bf62c83708]
Event: 16.503 Thread 0x000001bf78957800 7668       1       com.sun.xml.bind.v2.model.impl.PropertyInfoImpl::getSchemaType (5 bytes)
Event: 16.503 Thread 0x000001bf78957800 nmethod 7668 0x000001bf6968c010 code [0x000001bf6968c1c0, 0x000001bf6968c278]

GC Heap History (20 events):
Event: 1.312 GC heap before
{Heap before GC invocations=0 (full 0):
 garbage-first heap   total 260096K, used 30720K [0x0000000080000000, 0x0000000100000000)
  region size 1024K, 24 young (24576K), 0 survivors (0K)
 Metaspace       used 9862K, capacity 10118K, committed 10368K, reserved 1058816K
  class space    used 1027K, capacity 1102K, committed 1152K, reserved 1048576K
}
Event: 1.317 GC heap after
{Heap after GC invocations=1 (full 0):
 garbage-first heap   total 260096K, used 9625K [0x0000000080000000, 0x0000000100000000)
  region size 1024K, 3 young (3072K), 3 survivors (3072K)
 Metaspace       used 9862K, capacity 10118K, committed 10368K, reserved 1058816K
  class space    used 1027K, capacity 1102K, committed 1152K, reserved 1048576K
}
Event: 3.913 GC heap before
{Heap before GC invocations=1 (full 0):
 garbage-first heap   total 260096K, used 112025K [0x0000000080000000, 0x0000000100000000)
  region size 1024K, 104 young (106496K), 3 survivors (3072K)
 Metaspace       used 20717K, capacity 21138K, committed 21248K, reserved 1067008K
  class space    used 2551K, capacity 2711K, committed 2816K, reserved 1048576K
}
Event: 3.925 GC heap after
{Heap after GC invocations=2 (full 0):
 garbage-first heap   total 260096K, used 16605K [0x0000000080000000, 0x0000000100000000)
  region size 1024K, 10 young (10240K), 10 survivors (10240K)
 Metaspace       used 20717K, capacity 21138K, committed 21248K, reserved 1067008K
  class space    used 2551K, capacity 2711K, committed 2816K, reserved 1048576K
}
Event: 4.167 GC heap before
{Heap before GC invocations=3 (full 0):
 garbage-first heap   total 260096K, used 31965K [0x0000000080000000, 0x0000000100000000)
  region size 1024K, 26 young (26624K), 10 survivors (10240K)
 Metaspace       used 22569K, capacity 23010K, committed 23296K, reserved 1069056K
  class space    used 2840K, capacity 3000K, committed 3072K, reserved 1048576K
}
Event: 4.175 GC heap after
{Heap after GC invocations=4 (full 0):
 garbage-first heap   total 260096K, used 17603K [0x0000000080000000, 0x0000000100000000)
  region size 1024K, 2 young (2048K), 2 survivors (2048K)
 Metaspace       used 22569K, capacity 23010K, committed 23296K, reserved 1069056K
  class space    used 2840K, capacity 3000K, committed 3072K, reserved 1048576K
}
Event: 5.201 GC heap before
{Heap before GC invocations=4 (full 0):
 garbage-first heap   total 260096K, used 89283K [0x0000000080000000, 0x0000000100000000)
  region size 1024K, 72 young (73728K), 2 survivors (2048K)
 Metaspace       used 29375K, capacity 30065K, committed 30336K, reserved 1075200K
  class space    used 3919K, capacity 4166K, committed 4224K, reserved 1048576K
}
Event: 5.205 GC heap after
{Heap after GC invocations=5 (full 0):
 garbage-first heap   total 260096K, used 19594K [0x0000000080000000, 0x0000000100000000)
  region size 1024K, 4 young (4096K), 4 survivors (4096K)
 Metaspace       used 29375K, capacity 30065K, committed 30336K, reserved 1075200K
  class space    used 3919K, capacity 4166K, committed 4224K, reserved 1048576K
}
Event: 5.658 GC heap before
{Heap before GC invocations=5 (full 0):
 garbage-first heap   total 260096K, used 43146K [0x0000000080000000, 0x0000000100000000)
  region size 1024K, 29 young (29696K), 4 survivors (4096K)
 Metaspace       used 34898K, capacity 35722K, committed 35840K, reserved 1081344K
  class space    used 4531K, capacity 4839K, committed 4864K, reserved 1048576K
}
Event: 5.666 GC heap after
{Heap after GC invocations=6 (full 0):
 garbage-first heap   total 260096K, used 21983K [0x0000000080000000, 0x0000000100000000)
  region size 1024K, 6 young (6144K), 6 survivors (6144K)
 Metaspace       used 34898K, capacity 35722K, committed 35840K, reserved 1081344K
  class space    used 4531K, capacity 4839K, committed 4864K, reserved 1048576K
}
Event: 7.841 GC heap before
{Heap before GC invocations=7 (full 0):
 garbage-first heap   total 260096K, used 153055K [0x0000000080000000, 0x0000000100000000)
  region size 1024K, 131 young (134144K), 6 survivors (6144K)
 Metaspace       used 45404K, capacity 46551K, committed 46720K, reserved 1089536K
  class space    used 5856K, capacity 6239K, committed 6272K, reserved 1048576K
}
Event: 7.855 GC heap after
{Heap after GC invocations=8 (full 0):
 garbage-first heap   total 260096K, used 29562K [0x0000000080000000, 0x0000000100000000)
  region size 1024K, 13 young (13312K), 13 survivors (13312K)
 Metaspace       used 45404K, capacity 46551K, committed 46720K, reserved 1089536K
  class space    used 5856K, capacity 6239K, committed 6272K, reserved 1048576K
}
Event: 10.443 GC heap before
{Heap before GC invocations=8 (full 0):
 garbage-first heap   total 260096K, used 172922K [0x0000000080000000, 0x0000000100000000)
  region size 1024K, 150 young (153600K), 13 survivors (13312K)
 Metaspace       used 55186K, capacity 56657K, committed 56832K, reserved 1097728K
  class space    used 7064K, capacity 7586K, committed 7680K, reserved 1048576K
}
Event: 10.461 GC heap after
{Heap after GC invocations=9 (full 0):
 garbage-first heap   total 260096K, used 45223K [0x0000000080000000, 0x0000000100000000)
  region size 1024K, 19 young (19456K), 19 survivors (19456K)
 Metaspace       used 55186K, capacity 56657K, committed 56832K, reserved 1097728K
  class space    used 7064K, capacity 7586K, committed 7680K, reserved 1048576K
}
Event: 11.126 GC heap before
{Heap before GC invocations=9 (full 0):
 garbage-first heap   total 260096K, used 65703K [0x0000000080000000, 0x0000000100000000)
  region size 1024K, 40 young (40960K), 19 survivors (19456K)
 Metaspace       used 58334K, capacity 59765K, committed 59948K, reserved 1101824K
  class space    used 7445K, capacity 7979K, committed 8064K, reserved 1048576K
}
Event: 11.156 GC heap after
{Heap after GC invocations=10 (full 0):
 garbage-first heap   total 260096K, used 48215K [0x0000000080000000, 0x0000000100000000)
  region size 1024K, 3 young (3072K), 3 survivors (3072K)
 Metaspace       used 58334K, capacity 59765K, committed 59948K, reserved 1101824K
  class space    used 7445K, capacity 7979K, committed 8064K, reserved 1048576K
}
Event: 13.101 GC heap before
{Heap before GC invocations=11 (full 0):
 garbage-first heap   total 260096K, used 140375K [0x0000000080000000, 0x0000000100000000)
  region size 1024K, 93 young (95232K), 3 survivors (3072K)
 Metaspace       used 65475K, capacity 67067K, committed 67372K, reserved 1107968K
  class space    used 8374K, capacity 8967K, committed 9088K, reserved 1048576K
}
Event: 13.115 GC heap after
{Heap after GC invocations=12 (full 0):
 garbage-first heap   total 260096K, used 53719K [0x0000000080000000, 0x0000000100000000)
  region size 1024K, 9 young (9216K), 9 survivors (9216K)
 Metaspace       used 65475K, capacity 67067K, committed 67372K, reserved 1107968K
  class space    used 8374K, capacity 8967K, committed 9088K, reserved 1048576K
}
Event: 14.953 GC heap before
{Heap before GC invocations=13 (full 0):
 garbage-first heap   total 260096K, used 150999K [0x0000000080000000, 0x0000000100000000)
  region size 1024K, 104 young (106496K), 9 survivors (9216K)
 Metaspace       used 71479K, capacity 73208K, committed 73388K, reserved 1112064K
  class space    used 9335K, capacity 9918K, committed 9984K, reserved 1048576K
}
Event: 14.968 GC heap after
{Heap after GC invocations=14 (full 0):
 garbage-first heap   total 260096K, used 60151K [0x0000000080000000, 0x0000000100000000)
  region size 1024K, 7 young (7168K), 7 survivors (7168K)
 Metaspace       used 71479K, capacity 73208K, committed 73388K, reserved 1112064K
  class space    used 9335K, capacity 9918K, committed 9984K, reserved 1048576K
}

Deoptimization events (20 events):
Event: 15.740 Thread 0x000001bf7b47b000 DEOPT PACKING pc=0x000001bf628339f3 sp=0x0000005636ff75f0
Event: 15.740 Thread 0x000001bf7b47b000 DEOPT UNPACKING pc=0x000001bf6171a95e sp=0x0000005636ff6b90 mode 0
Event: 15.744 Thread 0x000001bf7b47b000 DEOPT PACKING pc=0x000001bf62bc2fd0 sp=0x0000005636ff70f0
Event: 15.744 Thread 0x000001bf7b47b000 DEOPT UNPACKING pc=0x000001bf6171a95e sp=0x0000005636ff6608 mode 0
Event: 15.965 Thread 0x000001bf7b47b000 Uncommon trap: trap_request=0xffffff4d fr.pc=0x000001bf69469a88 relative=0x0000000000001b68
Event: 15.965 Thread 0x000001bf7b47b000 Uncommon trap: reason=unstable_if action=reinterpret pc=0x000001bf69469a88 method=sun.nio.fs.WindowsPathParser.normalize(Ljava/lang/StringBuilder;Ljava/lang/String;I)Ljava/lang/String; @ 172 c2
Event: 15.965 Thread 0x000001bf7b47b000 DEOPT PACKING pc=0x000001bf69469a88 sp=0x0000005636ff90b0
Event: 15.965 Thread 0x000001bf7b47b000 DEOPT UNPACKING pc=0x000001bf6171a1af sp=0x0000005636ff90a0 mode 2
Event: 16.002 Thread 0x000001bf7b47b000 Uncommon trap: trap_request=0xffffff4d fr.pc=0x000001bf692b0cb8 relative=0x0000000000000838
Event: 16.002 Thread 0x000001bf7b47b000 Uncommon trap: reason=unstable_if action=reinterpret pc=0x000001bf692b0cb8 method=java.util.jar.JarFile.getVersionedEntry(Ljava/lang/String;Ljava/util/jar/JarEntry;)Ljava/util/jar/JarEntry; @ 67 c2
Event: 16.002 Thread 0x000001bf7b47b000 DEOPT PACKING pc=0x000001bf692b0cb8 sp=0x0000005636ff7370
Event: 16.002 Thread 0x000001bf7b47b000 DEOPT UNPACKING pc=0x000001bf6171a1af sp=0x0000005636ff7358 mode 2
Event: 16.021 Thread 0x000001bf7b47b000 Uncommon trap: trap_request=0xffffff4d fr.pc=0x000001bf695f65e8 relative=0x00000000000001a8
Event: 16.021 Thread 0x000001bf7b47b000 Uncommon trap: reason=unstable_if action=reinterpret pc=0x000001bf695f65e8 method=java.util.StringTokenizer.scanToken(I)I @ 42 c2
Event: 16.021 Thread 0x000001bf7b47b000 DEOPT PACKING pc=0x000001bf695f65e8 sp=0x0000005636ff9000
Event: 16.021 Thread 0x000001bf7b47b000 DEOPT UNPACKING pc=0x000001bf6171a1af sp=0x0000005636ff8f90 mode 2
Event: 16.200 Thread 0x000001bf7b47b000 Uncommon trap: trap_request=0xfffffff4 fr.pc=0x000001bf694f7be4 relative=0x0000000000001fe4
Event: 16.200 Thread 0x000001bf7b47b000 Uncommon trap: reason=null_check action=make_not_entrant pc=0x000001bf694f7be4 method=java.lang.Class.createAnnotationData(I)Ljava/lang/Class$AnnotationData; @ 14 c2
Event: 16.200 Thread 0x000001bf7b47b000 DEOPT PACKING pc=0x000001bf694f7be4 sp=0x0000005636ff8070
Event: 16.200 Thread 0x000001bf7b47b000 DEOPT UNPACKING pc=0x000001bf6171a1af sp=0x0000005636ff8020 mode 2

Classes redefined (0 events):
No events

Internal exceptions (20 events):
Event: 14.950 Thread 0x000001bf7b47b000 Exception <a 'java/lang/ClassNotFoundException'{0x00000000896a6c50}: org/gradle/api/internal/AbstractValidatingNamedDomainObjectContainerCustomizer> (0x00000000896a6c50) thrown at [./src/hotspot/share/classfile/systemDictionary.cpp, line 231]
Event: 14.952 Thread 0x000001bf7b47b000 Exception <a 'java/lang/ClassNotFoundException'{0x00000000896dc3d0}: org/gradle/api/internal/artifacts/configurations/DefaultConfigurationContainerCustomizer> (0x00000000896dc3d0) thrown at [./src/hotspot/share/classfile/systemDictionary.cpp, line 231]
Event: 14.969 Thread 0x000001bf7b47b000 Exception <a 'java/lang/ClassNotFoundException'{0x000000008fd20da8}: org/gradle/api/internal/artifacts/configurations/DefaultConfigurationContainer_DecoratedCustomizer> (0x000000008fd20da8) thrown at [./src/hotspot/share/classfile/systemDictionary.cpp, line 231]
Event: 14.984 Thread 0x000001bf7b47b000 Exception <a 'java/lang/ClassNotFoundException'{0x000000008fba66e0}: org/gradle/api/internal/artifacts/configurations/DefaultConfiguration_DecoratedBeanInfo> (0x000000008fba66e0) thrown at [./src/hotspot/share/classfile/systemDictionary.cpp, line 231]
Event: 14.985 Thread 0x000001bf7b47b000 Exception <a 'java/lang/ClassNotFoundException'{0x000000008fbd02c0}: org/gradle/api/internal/artifacts/configurations/DefaultConfigurationBeanInfo> (0x000000008fbd02c0) thrown at [./src/hotspot/share/classfile/systemDictionary.cpp, line 231]
Event: 14.986 Thread 0x000001bf7b47b000 Exception <a 'java/lang/ClassNotFoundException'{0x000000008fbe9a20}: org/gradle/api/internal/file/AbstractFileCollectionBeanInfo> (0x000000008fbe9a20) thrown at [./src/hotspot/share/classfile/systemDictionary.cpp, line 231]
Event: 14.987 Thread 0x000001bf7b47b000 Exception <a 'java/lang/ClassNotFoundException'{0x000000008fa036b8}: org/gradle/api/internal/file/AbstractFileCollectionCustomizer> (0x000000008fa036b8) thrown at [./src/hotspot/share/classfile/systemDictionary.cpp, line 231]
Event: 14.991 Thread 0x000001bf7b47b000 Exception <a 'java/lang/ClassNotFoundException'{0x000000008fa3f2e8}: org/gradle/api/internal/artifacts/configurations/DefaultConfigurationCustomizer> (0x000000008fa3f2e8) thrown at [./src/hotspot/share/classfile/systemDictionary.cpp, line 231]
Event: 14.996 Thread 0x000001bf7b47b000 Exception <a 'java/lang/ClassNotFoundException'{0x000000008faca5c8}: org/gradle/api/internal/artifacts/configurations/DefaultConfiguration_DecoratedCustomizer> (0x000000008faca5c8) thrown at [./src/hotspot/share/classfile/systemDictionary.cpp, line 231]
Event: 15.010 Thread 0x000001bf7b47b000 Exception <a 'java/lang/ClassNotFoundException'{0x000000008f753e18}: org/codehaus/groovy/runtime/MethodClosureBeanInfo> (0x000000008f753e18) thrown at [./src/hotspot/share/classfile/systemDictionary.cpp, line 231]
Event: 15.013 Thread 0x000001bf7b47b000 Exception <a 'java/lang/ClassNotFoundException'{0x000000008f52d5b8}: org/codehaus/groovy/runtime/MethodClosureCustomizer> (0x000000008f52d5b8) thrown at [./src/hotspot/share/classfile/systemDictionary.cpp, line 231]
Event: 15.016 Thread 0x000001bf7b47b000 Exception <a 'java/lang/ClassNotFoundException'{0x000000008f596870}: org/gradle/api/internal/artifacts/configurations/DefaultConfiguration$ConfigurationResolvableDependencies_DecoratedBeanInfo> (0x000000008f596870) thrown at [./src/hotspot/share/classfile/systemDictionary.cpp, line 231]
Event: 15.018 Thread 0x000001bf7b47b000 Exception <a 'java/lang/ClassNotFoundException'{0x000000008f5c87f0}: org/gradle/api/internal/artifacts/configurations/DefaultConfiguration$ConfigurationResolvableDependenciesBeanInfo> (0x000000008f5c87f0) thrown at [./src/hotspot/share/classfile/systemDictionary.cpp, line 231]
Event: 15.019 Thread 0x000001bf7b47b000 Exception <a 'java/lang/ClassNotFoundException'{0x000000008f5fc0f8}: org/gradle/api/internal/artifacts/configurations/DefaultConfiguration$ConfigurationResolvableDependenciesCustomizer> (0x000000008f5fc0f8) thrown at [./src/hotspot/share/classfile/systemDictionary.cpp, line 231]
Event: 15.021 Thread 0x000001bf7b47b000 Exception <a 'java/lang/ClassNotFoundException'{0x000000008f441450}: org/gradle/api/internal/artifacts/configurations/DefaultConfiguration$ConfigurationResolvableDependencies_DecoratedCustomizer> (0x000000008f441450) thrown at [./src/hotspot/share/classfile/systemDictionary.cpp, line 231]
Event: 15.638 Thread 0x000001bf7b47b000 Exception <a 'java/lang/NoSuchMethodError'{0x000000008dbcd5d8}: 'java.lang.Object java.lang.invoke.Invokers$Holder.linkToTargetMethod(java.lang.Object, int, java.lang.Object)'> (0x000000008dbcd5d8) thrown at [./src/hotspot/share/interpreter/linkResolver.cpp, line 773]
Event: 15.892 Thread 0x000001bf7b47b000 Exception <a 'sun/nio/fs/WindowsException'{0x000000008cf36950}> (0x000000008cf36950) thrown at [./src/hotspot/share/prims/jni.cpp, line 615]
Event: 15.892 Thread 0x000001bf7b47b000 Exception <a 'sun/nio/fs/WindowsException'{0x000000008cf36d28}> (0x000000008cf36d28) thrown at [./src/hotspot/share/prims/jni.cpp, line 615]
Event: 16.077 Thread 0x000001bf7b47b000 Exception <a 'java/lang/NullPointerException'{0x000000008c5496b8}> (0x000000008c5496b8) thrown at [./src/hotspot/share/interpreter/linkResolver.cpp, line 1440]
Event: 16.200 Thread 0x000001bf7b47b000 Implicit null exception at 0x000001bf694f5cc7 to 0x000001bf694f7bbc

Events (20 events):
Event: 16.487 loading class com/sun/xml/bind/v2/runtime/unmarshaller/Patcher done
Event: 16.488 Thread 0x000001bf78df2800 Thread exited: 0x000001bf78df2800
Event: 16.489 loading class javax/xml/bind/annotation/DomHandler
Event: 16.489 loading class javax/xml/bind/annotation/DomHandler done
Event: 16.490 loading class com/sun/xml/bind/v2/runtime/unmarshaller/DomLoader
Event: 16.490 loading class com/sun/xml/bind/v2/runtime/unmarshaller/DomLoader done
Event: 16.491 loading class javax/xml/bind/annotation/W3CDomHandler
Event: 16.491 loading class javax/xml/bind/annotation/W3CDomHandler done
Event: 16.504 loading class com/sun/xml/bind/v2/runtime/ElementBeanInfoImpl$IntercepterLoader
Event: 16.504 loading class com/sun/xml/bind/v2/runtime/ElementBeanInfoImpl$IntercepterLoader done
Event: 16.505 loading class com/sun/xml/bind/v2/runtime/unmarshaller/Intercepter
Event: 16.505 loading class com/sun/xml/bind/v2/runtime/unmarshaller/Intercepter done
Event: 16.506 loading class com/sun/xml/bind/v2/runtime/Utils
Event: 16.506 loading class com/sun/xml/bind/v2/runtime/Utils done
Event: 16.507 loading class com/sun/xml/bind/v2/runtime/Utils$1
Event: 16.507 loading class com/sun/xml/bind/v2/runtime/Utils$1 done
Event: 16.514 loading class javax/xml/bind/JAXBElement$GlobalScope
Event: 16.514 loading class javax/xml/bind/JAXBElement$GlobalScope done
Event: 16.516 loading class com/sun/xml/bind/v2/runtime/ElementBeanInfoImpl$1
Event: 16.516 loading class com/sun/xml/bind/v2/runtime/ElementBeanInfoImpl$1 done


Dynamic libraries:
0x00007ff7e38d0000 - 0x00007ff7e38da000 	C:\Program Files\Android\Android Studio\jre\bin\java.exe
0x00007ffaf8f10000 - 0x00007ffaf9108000 	C:\Windows\SYSTEM32\ntdll.dll
0x00007ffaf89d0000 - 0x00007ffaf8a8f000 	C:\Windows\System32\KERNEL32.DLL
0x00007ffaf6b50000 - 0x00007ffaf6e22000 	C:\Windows\System32\KERNELBASE.dll
0x00007ffaf6e30000 - 0x00007ffaf6f30000 	C:\Windows\System32\ucrtbase.dll
0x00007ffac74e0000 - 0x00007ffac74f7000 	C:\Program Files\Android\Android Studio\jre\bin\VCRUNTIME140.dll
0x00007ffac4ee0000 - 0x00007ffac4ef9000 	C:\Program Files\Android\Android Studio\jre\bin\jli.dll
0x00007ffad8ee0000 - 0x00007ffad917a000 	C:\Windows\WinSxS\amd64_microsoft.windows.common-controls_6595b64144ccf1df_6.0.19041.1110_none_60b5254171f9507e\COMCTL32.dll
0x00007ffaf8c90000 - 0x00007ffaf8e2d000 	C:\Windows\System32\USER32.dll
0x00007ffaf8e30000 - 0x00007ffaf8ece000 	C:\Windows\System32\msvcrt.dll
0x00007ffaf6f30000 - 0x00007ffaf6f52000 	C:\Windows\System32\win32u.dll
0x00007ffaf7c50000 - 0x00007ffaf7c7b000 	C:\Windows\System32\GDI32.dll
0x00007ffaf67b0000 - 0x00007ffaf68bf000 	C:\Windows\System32\gdi32full.dll
0x00007ffaf6710000 - 0x00007ffaf67ad000 	C:\Windows\System32\msvcp_win.dll
0x00007ffaf88e0000 - 0x00007ffaf8912000 	C:\Windows\System32\IMM32.DLL
0x00007ffabee10000 - 0x00007ffabeead000 	C:\Program Files\Android\Android Studio\jre\bin\msvcp140.dll
0x00007ffa95c70000 - 0x00007ffa96755000 	C:\Program Files\Android\Android Studio\jre\bin\server\jvm.dll
0x00007ffaf8920000 - 0x00007ffaf89ce000 	C:\Windows\System32\ADVAPI32.dll
0x00007ffaf6f60000 - 0x00007ffaf6ffc000 	C:\Windows\System32\sechost.dll
0x00007ffaf7000000 - 0x00007ffaf7125000 	C:\Windows\System32\RPCRT4.dll
0x00007ffaf7130000 - 0x00007ffaf7138000 	C:\Windows\System32\PSAPI.DLL
0x00007ffaf1fc0000 - 0x00007ffaf1fc9000 	C:\Windows\SYSTEM32\WSOCK32.dll
0x00007ffae1720000 - 0x00007ffae1747000 	C:\Windows\SYSTEM32\WINMM.dll
0x00007ffaf12d0000 - 0x00007ffaf12da000 	C:\Windows\SYSTEM32\VERSION.dll
0x00007ffaf8870000 - 0x00007ffaf88db000 	C:\Windows\System32\WS2_32.dll
0x00007ffaf46b0000 - 0x00007ffaf46c2000 	C:\Windows\SYSTEM32\kernel.appcore.dll
0x00007ffaf1f30000 - 0x00007ffaf1f41000 	C:\Program Files\Android\Android Studio\jre\bin\verify.dll
0x00007ffae41f0000 - 0x00007ffae43d4000 	C:\Windows\SYSTEM32\DBGHELP.DLL
0x00007ffae41c0000 - 0x00007ffae41ec000 	C:\Windows\SYSTEM32\dbgcore.DLL
0x00007ffaf6680000 - 0x00007ffaf6702000 	C:\Windows\System32\bcryptPrimitives.dll
0x00007ffacf770000 - 0x00007ffacf799000 	C:\Program Files\Android\Android Studio\jre\bin\java.dll
0x00007ffaf11e0000 - 0x00007ffaf11eb000 	C:\Program Files\Android\Android Studio\jre\bin\jimage.dll
0x00007ffaf0170000 - 0x00007ffaf0188000 	C:\Program Files\Android\Android Studio\jre\bin\zip.dll
0x00007ffaf73e0000 - 0x00007ffaf7b23000 	C:\Windows\System32\SHELL32.dll
0x00007ffaf46d0000 - 0x00007ffaf4e62000 	C:\Windows\SYSTEM32\windows.storage.dll
0x00007ffaf7db0000 - 0x00007ffaf8104000 	C:\Windows\System32\combase.dll
0x00007ffaf6070000 - 0x00007ffaf60a0000 	C:\Windows\SYSTEM32\Wldp.dll
0x00007ffaf8680000 - 0x00007ffaf872d000 	C:\Windows\System32\SHCORE.dll
0x00007ffaf7140000 - 0x00007ffaf7195000 	C:\Windows\System32\shlwapi.dll
0x00007ffaf6550000 - 0x00007ffaf656f000 	C:\Windows\SYSTEM32\profapi.dll
0x00007ffaf00d0000 - 0x00007ffaf00ea000 	C:\Program Files\Android\Android Studio\jre\bin\net.dll
0x00007ffaf3d80000 - 0x00007ffaf3e8c000 	C:\Windows\SYSTEM32\WINHTTP.dll
0x00007ffaf5dd0000 - 0x00007ffaf5e3a000 	C:\Windows\system32\mswsock.dll
0x00007ffaefb90000 - 0x00007ffaefba4000 	C:\Program Files\Android\Android Studio\jre\bin\nio.dll
0x00007ffad5cc0000 - 0x00007ffad5ce7000 	C:\Users\ADMIN\.gradle\native\e1d6ef7f7dcc3fd88c89a11ec53ec762bb8ba0a96d01ffa2cd45eb1d1d8dd5c5\windows-amd64\native-platform.dll
0x00007ffaa0590000 - 0x00007ffaa06d4000 	C:\Users\ADMIN\.gradle\native\5664cfc778a61ccfe75a443a1ab52a65af34e5dc3c78e0209fed803814484fcb\windows-amd64\native-platform-file-events.dll
0x00007ffaf01f0000 - 0x00007ffaf01fa000 	C:\Program Files\Android\Android Studio\jre\bin\management.dll
0x00007ffaf01a0000 - 0x00007ffaf01ad000 	C:\Program Files\Android\Android Studio\jre\bin\management_ext.dll
0x00007ffaf5fc0000 - 0x00007ffaf5fd8000 	C:\Windows\SYSTEM32\CRYPTSP.dll
0x00007ffaf5680000 - 0x00007ffaf56b4000 	C:\Windows\system32\rsaenh.dll
0x00007ffaf6b20000 - 0x00007ffaf6b47000 	C:\Windows\System32\bcrypt.dll
0x00007ffaf6510000 - 0x00007ffaf653e000 	C:\Windows\SYSTEM32\USERENV.dll
0x00007ffaf5fe0000 - 0x00007ffaf5fec000 	C:\Windows\SYSTEM32\CRYPTBASE.dll
0x00007ffaf5a70000 - 0x00007ffaf5aab000 	C:\Windows\SYSTEM32\IPHLPAPI.DLL
0x00007ffaf7c40000 - 0x00007ffaf7c48000 	C:\Windows\System32\NSI.dll
0x00007ffaf0720000 - 0x00007ffaf0737000 	C:\Windows\SYSTEM32\dhcpcsvc6.DLL
0x00007ffaf0330000 - 0x00007ffaf034d000 	C:\Windows\SYSTEM32\dhcpcsvc.DLL
0x00007ffaf5ab0000 - 0x00007ffaf5b7a000 	C:\Windows\SYSTEM32\DNSAPI.dll

dbghelp: loaded successfully - version: 4.0.5 - missing functions: none
symbol engine: initialized successfully - sym options: 0x614 - pdb path: .;C:\Program Files\Android\Android Studio\jre\bin;C:\Windows\SYSTEM32;C:\Windows\WinSxS\amd64_microsoft.windows.common-controls_6595b64144ccf1df_6.0.19041.1110_none_60b5254171f9507e;C:\Program Files\Android\Android Studio\jre\bin\server;C:\Users\ADMIN\.gradle\native\e1d6ef7f7dcc3fd88c89a11ec53ec762bb8ba0a96d01ffa2cd45eb1d1d8dd5c5\windows-amd64;C:\Users\ADMIN\.gradle\native\5664cfc778a61ccfe75a443a1ab52a65af34e5dc3c78e0209fed803814484fcb\windows-amd64

VM Arguments:
jvm_args: --add-opens=java.base/java.util=ALL-UNNAMED --add-opens=java.base/java.lang=ALL-UNNAMED --add-opens=java.base/java.lang.invoke=ALL-UNNAMED --add-opens=java.base/java.util=ALL-UNNAMED --add-opens=java.prefs/java.util.prefs=ALL-UNNAMED --add-opens=java.prefs/java.util.prefs=ALL-UNNAMED --add-opens=java.base/java.nio.charset=ALL-UNNAMED --add-opens=java.base/java.net=ALL-UNNAMED --add-opens=java.base/java.util.concurrent.atomic=ALL-UNNAMED -Xmx2048m -Dfile.encoding=UTF-8 -Duser.country=US -Duser.language=en -Duser.variant 
java_command: org.gradle.launcher.daemon.bootstrap.GradleDaemon 7.3.3
java_class_path (initial): C:\Users\ADMIN\.gradle\wrapper\dists\gradle-7.3.3-bin\6a41zxkdtcxs8rphpq6y0069z\gradle-7.3.3\lib\gradle-launcher-7.3.3.jar
Launcher Type: SUN_STANDARD

[Global flags]
     intx CICompilerCount                          = 4                                         {product} {ergonomic}
     uint ConcGCThreads                            = 2                                         {product} {ergonomic}
     uint G1ConcRefinementThreads                  = 8                                         {product} {ergonomic}
   size_t G1HeapRegionSize                         = 1048576                                   {product} {ergonomic}
    uintx GCDrainStackTargetSize                   = 64                                        {product} {ergonomic}
   size_t InitialHeapSize                          = 266338304                                 {product} {ergonomic}
   size_t MarkStackSize                            = 4194304                                   {product} {ergonomic}
   size_t MaxHeapSize                              = 2147483648                                {product} {command line}
   size_t MaxNewSize                               = 1287651328                                {product} {ergonomic}
   size_t MinHeapDeltaBytes                        = 1048576                                   {product} {ergonomic}
    uintx NonNMethodCodeHeapSize                   = 5836300                                {pd product} {ergonomic}
    uintx NonProfiledCodeHeapSize                  = 122910970                              {pd product} {ergonomic}
    uintx ProfiledCodeHeapSize                     = 122910970                              {pd product} {ergonomic}
    uintx ReservedCodeCacheSize                    = 251658240                              {pd product} {ergonomic}
     bool SegmentedCodeCache                       = true                                      {product} {ergonomic}
     bool UseCompressedClassPointers               = true                                 {lp64_product} {ergonomic}
     bool UseCompressedOops                        = true                                 {lp64_product} {ergonomic}
     bool UseG1GC                                  = true                                      {product} {ergonomic}
     bool UseLargePagesIndividualAllocation        = false                                  {pd product} {ergonomic}

Logging:
Log output configuration:
 #0: stdout all=warning uptime,level,tags
 #1: stderr all=off uptime,level,tags

Environment Variables:
JAVA_HOME=C:\Program Files\Java\jdk-18.0.1.1
PATH=C:\ProgramData\Oracle\Java\javapath;C:\Program Files\Common Files\Oracle\Java\javapath;C:\Windows\system32;C:\Windows;C:\Windows\System32\Wbem;C:\Windows\System32\WindowsPowerShell\v1.0\;C:\Windows\System32\OpenSSH\;C:\Program Files\Java\jdk-18.0.1.1\bin;C:\Program Files\NVIDIA Corporation\NVIDIA NvDLISR;C:\Program Files\nodejs\;C:\Program Files\Git\cmd;C:\Users\ADMIN\AppData\Local\Microsoft\WindowsApps;C:\Users\ADMIN\AppData\Local\Programs\Microsoft VS Code\bin;C:\Users\ADMIN\AppData\Roaming\npm;C:\src\flutter\bin;;C:\Program Files\JetBrains\IntelliJ IDEA Community Edition 2022.2.3\bin;
USERNAME=ADMIN
OS=Windows_NT
PROCESSOR_IDENTIFIER=Intel64 Family 6 Model 94 Stepping 3, GenuineIntel



---------------  S Y S T E M  ---------------

OS: Windows 10 , 64 bit Build 19041 (10.0.19041.2251)
OS uptime: 1 days 12:54 hours

CPU:total 8 (initial active 8) (4 cores per cpu, 2 threads per core) family 6 model 94 stepping 3 microcode 0xec, cmov, cx8, fxsr, mmx, sse, sse2, sse3, ssse3, sse4.1, sse4.2, popcnt, avx, avx2, aes, clmul, erms, rtm, 3dnowpref, lzcnt, ht, tsc, tscinvbit, bmi1, bmi2, adx, fma

Memory: 4k page, system-wide physical 16206M (270M free)
TotalPageFile size 34152M (AvailPageFile size 42M)
current process WorkingSet (physical memory assigned to process): 466M, peak: 480M
current process commit charge ("private bytes"): 537M, peak: 551M

vm_info: OpenJDK 64-Bit Server VM (11.0.12+7-b1504.28-7817840) for windows-amd64 JRE (11.0.12+7-b1504.28-7817840), built on Oct 13 2021 22:12:33 by "builder" with MS VC++ 14.0 (VS2015)

END.
